ompss,size,1,32,8,1,bf,
1605686875,1605686875,0.206540
ompss,size,1,16,8,1,bf,
1605686876,1605686876,0.025134
ompss,size,1,8,8,1,bf,
1605686877,1605686877,0.003719
ompss,block,1,32,32,1,bf,
1605686878,1605686879,0.866714
ompss,block,1,32,16,1,bf,
1605686880,1605686880,0.278225
ompss,block,1,32,8,1,bf,
1605686882,1605686882,0.204920
ompss,threads,1,32,8,1,bf,
1605686883,1605686883,0.206257
ompss,threads,1,32,8,2,bf,
1605686884,1605686884,0.150861
ompss,threads,1,32,8,4,bf,
1605686885,1605686885,0.126724
ompss,threads,1,32,8,8,bf,
1605686886,1605686886,0.146046
ompss,scheduler,1,32,8,1,bf,
1605686887,1605686888,0.204196
ompss,scheduler,1,32,8,1,wf,
1605686889,1605686889,0.199024
ompss,size,2,32,8,1,bf,
1605686890,1605686890,0.204077
ompss,size,2,16,8,1,bf,
1605686891,1605686891,0.025141
ompss,size,2,8,8,1,bf,
1605686892,1605686892,0.003541
ompss,block,2,32,32,1,bf,
1605686893,1605686894,0.863562
ompss,block,2,32,16,1,bf,
1605686895,1605686895,0.276163
ompss,block,2,32,8,1,bf,
1605686896,1605686896,0.207294
ompss,threads,2,32,8,1,bf,
1605686898,1605686898,0.204051
ompss,threads,2,32,8,2,bf,
1605686899,1605686899,0.151115
ompss,threads,2,32,8,4,bf,
1605686900,1605686900,0.125805
ompss,threads,2,32,8,8,bf,
1605686901,1605686901,0.148305
ompss,scheduler,2,32,8,1,bf,
1605686902,1605686902,0.206874
ompss,scheduler,2,32,8,1,wf,
1605686903,1605686904,0.201910
ompss,size,3,32,8,1,bf,
1605686905,1605686905,0.207103
ompss,size,3,16,8,1,bf,
1605686906,1605686906,0.025127
ompss,size,3,8,8,1,bf,
1605686907,1605686907,0.003583
ompss,block,3,32,32,1,bf,
1605686908,1605686909,0.863856
ompss,block,3,32,16,1,bf,
1605686910,1605686910,0.276754
ompss,block,3,32,8,1,bf,
1605686911,1605686911,0.207193
ompss,threads,3,32,8,1,bf,
1605686912,1605686913,0.207666
ompss,threads,3,32,8,2,bf,
1605686914,1605686914,0.146832
ompss,threads,3,32,8,4,bf,
1605686915,1605686915,0.127379
ompss,threads,3,32,8,8,bf,
1605686916,1605686916,0.147311
ompss,scheduler,3,32,8,1,bf,
1605686917,1605686917,0.206911
ompss,scheduler,3,32,8,1,wf,
1605686918,1605686918,0.201846
ompss,size,4,32,8,1,bf,
1605686919,1605686920,0.205243
ompss,size,4,16,8,1,bf,
1605686921,1605686921,0.025162
ompss,size,4,8,8,1,bf,
1605686922,1605686922,0.003536
ompss,block,4,32,32,1,bf,
1605686923,1605686924,0.862893
ompss,block,4,32,16,1,bf,
1605686925,1605686925,0.277038
ompss,block,4,32,8,1,bf,
1605686926,1605686926,0.205709
ompss,threads,4,32,8,1,bf,
1605686927,1605686927,0.204729
ompss,threads,4,32,8,2,bf,
1605686928,1605686928,0.148313
ompss,threads,4,32,8,4,bf,
1605686930,1605686930,0.125257
ompss,threads,4,32,8,8,bf,
1605686931,1605686931,0.149015
ompss,scheduler,4,32,8,1,bf,
1605686932,1605686932,0.204381
ompss,scheduler,4,32,8,1,wf,
1605686933,1605686933,0.203198
ompss,size,5,32,8,1,bf,
1605686934,1605686934,0.207439
ompss,size,5,16,8,1,bf,
1605686935,1605686935,0.024709
ompss,size,5,8,8,1,bf,
1605686936,1605686937,0.003536
ompss,block,5,32,32,1,bf,
1605686938,1605686938,0.863718
ompss,block,5,32,16,1,bf,
1605686939,1605686940,0.277661
ompss,block,5,32,8,1,bf,
1605686941,1605686941,0.204901
ompss,threads,5,32,8,1,bf,
1605686942,1605686942,0.207268
ompss,threads,5,32,8,2,bf,
1605686943,1605686943,0.149121
ompss,threads,5,32,8,4,bf,
1605686944,1605686944,0.127291
ompss,threads,5,32,8,8,bf,
1605686945,1605686946,0.145817
ompss,scheduler,5,32,8,1,bf,
1605686947,1605686947,0.206707
ompss,scheduler,5,32,8,1,wf,
1605686948,1605686948,0.199583
ompss,size,6,32,8,1,bf,
1605686949,1605686949,0.206181
ompss,size,6,16,8,1,bf,
1605686950,1605686950,0.024743
ompss,size,6,8,8,1,bf,
1605686951,1605686951,0.003621
ompss,block,6,32,32,1,bf,
1605686952,1605686953,0.863191
ompss,block,6,32,16,1,bf,
1605686954,1605686954,0.275415
ompss,block,6,32,8,1,bf,
1605686955,1605686956,0.203903
ompss,threads,6,32,8,1,bf,
1605686957,1605686957,0.206310
ompss,threads,6,32,8,2,bf,
1605686958,1605686958,0.145410
ompss,threads,6,32,8,4,bf,
1605686959,1605686959,0.128377
ompss,threads,6,32,8,8,bf,
1605686960,1605686960,0.146317
ompss,scheduler,6,32,8,1,bf,
1605686961,1605686962,0.204727
ompss,scheduler,6,32,8,1,wf,
1605686963,1605686963,0.198846
ompss,size,7,32,8,1,bf,
1605686964,1605686964,0.207101
ompss,size,7,16,8,1,bf,
1605686965,1605686965,0.024934
ompss,size,7,8,8,1,bf,
1605686966,1605686966,0.003517
ompss,block,7,32,32,1,bf,
1605686967,1605686968,0.862950
ompss,block,7,32,16,1,bf,
1605686969,1605686969,0.278160
ompss,block,7,32,8,1,bf,
1605686970,1605686970,0.206606
ompss,threads,7,32,8,1,bf,
1605686971,1605686972,0.204924
ompss,threads,7,32,8,2,bf,
1605686973,1605686973,0.145454
ompss,threads,7,32,8,4,bf,
1605686974,1605686974,0.127481
ompss,threads,7,32,8,8,bf,
1605686975,1605686975,0.146086
ompss,scheduler,7,32,8,1,bf,
1605686976,1605686976,0.204680
ompss,scheduler,7,32,8,1,wf,
1605686977,1605686978,0.199426
ompss,size,8,32,8,1,bf,
1605686979,1605686979,0.205504
ompss,size,8,16,8,1,bf,
1605686980,1605686980,0.024998
ompss,size,8,8,8,1,bf,
1605686981,1605686981,0.003592
ompss,block,8,32,32,1,bf,
1605686982,1605686983,0.862853
ompss,block,8,32,16,1,bf,
1605686984,1605686984,0.276114
ompss,block,8,32,8,1,bf,
1605686985,1605686985,0.207792
ompss,threads,8,32,8,1,bf,
1605686986,1605686986,0.207100
ompss,threads,8,32,8,2,bf,
1605686987,1605686988,0.148386
ompss,threads,8,32,8,4,bf,
1605686989,1605686989,0.125135
ompss,threads,8,32,8,8,bf,
1605686990,1605686990,0.145603
ompss,scheduler,8,32,8,1,bf,
1605686991,1605686991,0.208012
ompss,scheduler,8,32,8,1,wf,
1605686992,1605686992,0.201905
ompss,size,9,32,8,1,bf,
1605686993,1605686994,0.205389
ompss,size,9,16,8,1,bf,
1605686995,1605686995,0.025147
ompss,size,9,8,8,1,bf,
1605686996,1605686996,0.003673
ompss,block,9,32,32,1,bf,
1605686997,1605686998,0.862582
ompss,block,9,32,16,1,bf,
1605686999,1605686999,0.278373
ompss,block,9,32,8,1,bf,
1605687000,1605687000,0.205047
ompss,threads,9,32,8,1,bf,
1605687001,1605687001,0.204591
ompss,threads,9,32,8,2,bf,
1605687002,1605687002,0.149943
ompss,threads,9,32,8,4,bf,
1605687003,1605687004,0.127173
ompss,threads,9,32,8,8,bf,
1605687005,1605687005,0.146743
ompss,scheduler,9,32,8,1,bf,
1605687006,1605687006,0.206928
ompss,scheduler,9,32,8,1,wf,
1605687007,1605687007,0.202202
ompss,size,10,32,8,1,bf,
1605687008,1605687008,0.208045
ompss,size,10,16,8,1,bf,
1605687009,1605687009,0.024736
ompss,size,10,8,8,1,bf,
1605687010,1605687010,0.003593
ompss,block,10,32,32,1,bf,
1605687011,1605687012,0.864091
ompss,block,10,32,16,1,bf,
1605687013,1605687014,0.275508
ompss,block,10,32,8,1,bf,
1605687015,1605687015,0.207892
ompss,threads,10,32,8,1,bf,
1605687016,1605687016,0.204956
ompss,threads,10,32,8,2,bf,
1605687017,1605687017,0.150285
ompss,threads,10,32,8,4,bf,
1605687018,1605687018,0.127445
ompss,threads,10,32,8,8,bf,
1605687019,1605687020,0.148518
ompss,scheduler,10,32,8,1,bf,
1605687021,1605687021,0.204271
ompss,scheduler,10,32,8,1,wf,
1605687022,1605687022,0.202713
