sgx,size,1,64,16,1,bf,
Checksum(0x0x7ffcaacc56f0, 100) = 0xfffd4143
1604329615,1604329618,2.853227
sgx,size,1,32,16,1,bf,
Checksum(0x0x7ffc32cafe40, 100) = 0xfffd4143
1604329619,1604329621,1.408650
sgx,size,1,16,16,1,bf,
Checksum(0x0x7ffc51fd5d60, 100) = 0xfffd4143
1604329622,1604329622,0.684889
sgx,block,1,64,64,1,bf,
Checksum(0x0x7ffdf1eeb2b0, 100) = 0xfffd4143
1604329623,1604329624,0.690937
sgx,block,1,64,32,1,bf,
Checksum(0x0x7fff95cf0f10, 100) = 0xfffd4143
1604329625,1604329626,1.417196
sgx,block,1,64,16,1,bf,
Checksum(0x0x7ffd4ba62290, 100) = 0xfffd4143
1604329628,1604329630,2.863057
sgx,threads,1,64,16,1,bf,
Checksum(0x0x7fff11503040, 100) = 0xfffd4143
1604329631,1604329634,2.874485
sgx,threads,1,64,16,2,bf,
Checksum(0x0x7ffe012c80c0, 100) = 0xfffd4143
1604329635,1604329639,3.934776
sgx,threads,1,64,16,4,bf,
Checksum(0x0x7ffd685d1b60, 100) = 0xfffd4143
1604329640,1604329646,5.862597
sgx,threads,1,64,16,8,bf,
Checksum(0x0x7ffd6c599de0, 100) = 0xfffd4143
1604329647,1604329656,8.517027
sgx,scheduler,1,64,16,1,bf,
Checksum(0x0x7ffc2b0e6cd0, 100) = 0xfffd4143
1604329657,1604329660,2.884871
sgx,scheduler,1,64,16,1,wf,
Checksum(0x0x7fff8ab448a0, 100) = 0xfffd4143
1604329661,1604329663,2.743598
sgx,size,2,64,16,1,bf,
Checksum(0x0x7ffcaeb60cf0, 100) = 0xfffd4143
1604329665,1604329667,2.863774
sgx,size,2,32,16,1,bf,
Checksum(0x0x7ffcbe0b6c80, 100) = 0xfffd4143
1604329668,1604329670,1.421737
sgx,size,2,16,16,1,bf,
Checksum(0x0x7fffa3bfb940, 100) = 0xfffd4143
1604329671,1604329672,0.683763
sgx,block,2,64,64,1,bf,
Checksum(0x0x7ffc15ff06e0, 100) = 0xfffd4143
1604329673,1604329673,0.697705
sgx,block,2,64,32,1,bf,
Checksum(0x0x7ffd319a8c10, 100) = 0xfffd4143
1604329674,1604329676,1.422328
sgx,block,2,64,16,1,bf,
Checksum(0x0x7ffe6e995fb0, 100) = 0xfffd4143
1604329677,1604329680,2.872063
sgx,threads,2,64,16,1,bf,
Checksum(0x0x7ffe6431c990, 100) = 0xfffd4143
1604329681,1604329684,2.838959
sgx,threads,2,64,16,2,bf,
Checksum(0x0x7fff63fd08e0, 100) = 0xfffd4143
1604329685,1604329689,3.933765
sgx,threads,2,64,16,4,bf,
Checksum(0x0x7ffe41def890, 100) = 0xfffd4143
1604329690,1604329696,5.898716
sgx,threads,2,64,16,8,bf,
Checksum(0x0x7ffd4b74b200, 100) = 0xfffd4143
1604329697,1604329705,8.613400
sgx,scheduler,2,64,16,1,bf,
Checksum(0x0x7ffe969e1050, 100) = 0xfffd4143
1604329706,1604329709,2.878154
sgx,scheduler,2,64,16,1,wf,
Checksum(0x0x7ffdd5ada1a0, 100) = 0xfffd4143
1604329710,1604329713,2.776459
sgx,size,3,64,16,1,bf,
Checksum(0x0x7ffd9d43c5b0, 100) = 0xfffd4143
1604329714,1604329717,2.889293
sgx,size,3,32,16,1,bf,
Checksum(0x0x7ffd6a895f10, 100) = 0xfffd4143
1604329718,1604329719,1.402646
sgx,size,3,16,16,1,bf,
Checksum(0x0x7fff833ec7e0, 100) = 0xfffd4143
1604329720,1604329721,0.681704
sgx,block,3,64,64,1,bf,
Checksum(0x0x7ffd7f391e60, 100) = 0xfffd4143
1604329722,1604329723,0.701127
sgx,block,3,64,32,1,bf,
Checksum(0x0x7ffd20866630, 100) = 0xfffd4143
1604329724,1604329725,1.402409
sgx,block,3,64,16,1,bf,
Checksum(0x0x7ffeab38fee0, 100) = 0xfffd4143
1604329726,1604329729,2.861850
sgx,threads,3,64,16,1,bf,
Checksum(0x0x7ffd4a3a7190, 100) = 0xfffd4143
1604329730,1604329733,2.870685
sgx,threads,3,64,16,2,bf,
Checksum(0x0x7ffdb721ca80, 100) = 0xfffd4143
1604329734,1604329738,3.929263
sgx,threads,3,64,16,4,bf,
Checksum(0x0x7ffd73085970, 100) = 0xfffd4143
1604329739,1604329745,5.880345
sgx,threads,3,64,16,8,bf,
Checksum(0x0x7ffe45ce42c0, 100) = 0xfffd4143
1604329746,1604329755,8.485913
sgx,scheduler,3,64,16,1,bf,
Checksum(0x0x7ffeee5fb150, 100) = 0xfffd4143
1604329756,1604329759,2.887231
sgx,scheduler,3,64,16,1,wf,
Checksum(0x0x7ffd36896780, 100) = 0xfffd4143
1604329760,1604329762,2.759678
sgx,size,4,64,16,1,bf,
Checksum(0x0x7ffe9ddd6300, 100) = 0xfffd4143
1604329763,1604329766,2.872084
sgx,size,4,32,16,1,bf,
Checksum(0x0x7fffcb3854e0, 100) = 0xfffd4143
1604329767,1604329769,1.413528
sgx,size,4,16,16,1,bf,
Checksum(0x0x7fffed9e9e50, 100) = 0xfffd4143
1604329770,1604329770,0.679079
sgx,block,4,64,64,1,bf,
Checksum(0x0x7ffdf8251420, 100) = 0xfffd4143
1604329771,1604329772,0.693542
sgx,block,4,64,32,1,bf,
Checksum(0x0x7fff8f25a160, 100) = 0xfffd4143
1604329773,1604329775,1.430888
sgx,block,4,64,16,1,bf,
Checksum(0x0x7ffdb2de26b0, 100) = 0xfffd4143
1604329776,1604329779,2.868068
sgx,threads,4,64,16,1,bf,
Checksum(0x0x7ffdfa05c940, 100) = 0xfffd4143
1604329780,1604329782,2.854357
sgx,threads,4,64,16,2,bf,
Checksum(0x0x7ffe9beea160, 100) = 0xfffd4143
1604329783,1604329787,3.937864
sgx,threads,4,64,16,4,bf,
Checksum(0x0x7ffc61ea84f0, 100) = 0xfffd4143
1604329788,1604329794,5.952780
sgx,threads,4,64,16,8,bf,
Checksum(0x0x7ffc0530bc80, 100) = 0xfffd4143
1604329796,1604329804,8.470005
sgx,scheduler,4,64,16,1,bf,
Checksum(0x0x7ffef26fa2c0, 100) = 0xfffd4143
1604329805,1604329808,2.886295
sgx,scheduler,4,64,16,1,wf,
Checksum(0x0x7fffdcffcaa0, 100) = 0xfffd4143
1604329809,1604329812,2.741761
sgx,size,5,64,16,1,bf,
Checksum(0x0x7ffec4afdc60, 100) = 0xfffd4143
1604329813,1604329816,2.868369
sgx,size,5,32,16,1,bf,
Checksum(0x0x7ffe38f58c80, 100) = 0xfffd4143
1604329817,1604329818,1.404905
sgx,size,5,16,16,1,bf,
Checksum(0x0x7ffd94c5c820, 100) = 0xfffd4143
1604329819,1604329820,0.680745
sgx,block,5,64,64,1,bf,
Checksum(0x0x7ffe3877dc40, 100) = 0xfffd4143
1604329821,1604329821,0.692389
sgx,block,5,64,32,1,bf,
Checksum(0x0x7fffa36e00c0, 100) = 0xfffd4143
1604329823,1604329824,1.416960
sgx,block,5,64,16,1,bf,
Checksum(0x0x7ffcf40c0920, 100) = 0xfffd4143
1604329825,1604329828,2.864833
sgx,threads,5,64,16,1,bf,
Checksum(0x0x7ffed24a8ef0, 100) = 0xfffd4143
1604329829,1604329832,2.866941
sgx,threads,5,64,16,2,bf,
Checksum(0x0x7ffeb85e22c0, 100) = 0xfffd4143
1604329833,1604329837,3.947308
sgx,threads,5,64,16,4,bf,
Checksum(0x0x7fff69758a50, 100) = 0xfffd4143
1604329838,1604329844,5.883018
sgx,threads,5,64,16,8,bf,
Checksum(0x0x7ffc799295d0, 100) = 0xfffd4143
1604329845,1604329853,8.496829
sgx,scheduler,5,64,16,1,bf,
Checksum(0x0x7fff1587e260, 100) = 0xfffd4143
1604329854,1604329857,2.893809
sgx,scheduler,5,64,16,1,wf,
Checksum(0x0x7ffc8e3aa7d0, 100) = 0xfffd4143
1604329858,1604329861,2.753014
sgx,size,6,64,16,1,bf,
Checksum(0x0x7ffe3d7a4280, 100) = 0xfffd4143
1604329862,1604329865,2.882044
sgx,size,6,32,16,1,bf,
Checksum(0x0x7ffee8adb070, 100) = 0xfffd4143
1604329866,1604329867,1.399720
sgx,size,6,16,16,1,bf,
Checksum(0x0x7ffc0c72d340, 100) = 0xfffd4143
1604329868,1604329869,0.687676
sgx,block,6,64,64,1,bf,
Checksum(0x0x7ffdba0f3150, 100) = 0xfffd4143
1604329870,1604329871,0.693765
sgx,block,6,64,32,1,bf,
Checksum(0x0x7ffcd2c48b10, 100) = 0xfffd4143
1604329872,1604329873,1.426510
sgx,block,6,64,16,1,bf,
Checksum(0x0x7fffefccb230, 100) = 0xfffd4143
1604329874,1604329877,2.857055
sgx,threads,6,64,16,1,bf,
Checksum(0x0x7ffcdc282600, 100) = 0xfffd4143
1604329878,1604329881,2.873258
sgx,threads,6,64,16,2,bf,
Checksum(0x0x7ffe95a26470, 100) = 0xfffd4143
1604329882,1604329886,3.935294
sgx,threads,6,64,16,4,bf,
Checksum(0x0x7fff352ba840, 100) = 0xfffd4143
1604329887,1604329893,5.892371
sgx,threads,6,64,16,8,bf,
Checksum(0x0x7fff9e937390, 100) = 0xfffd4143
1604329894,1604329903,8.505802
sgx,scheduler,6,64,16,1,bf,
Checksum(0x0x7ffd3ef61880, 100) = 0xfffd4143
1604329904,1604329907,2.890603
sgx,scheduler,6,64,16,1,wf,
Checksum(0x0x7ffc59e15d50, 100) = 0xfffd4143
1604329908,1604329910,2.750922
sgx,size,7,64,16,1,bf,
Checksum(0x0x7ffcd8b34260, 100) = 0xfffd4143
1604329911,1604329914,2.873353
sgx,size,7,32,16,1,bf,
Checksum(0x0x7ffe32df4dd0, 100) = 0xfffd4143
1604329915,1604329917,1.408653
sgx,size,7,16,16,1,bf,
Checksum(0x0x7fffceb78650, 100) = 0xfffd4143
1604329918,1604329918,0.683413
sgx,block,7,64,64,1,bf,
Checksum(0x0x7ffdd9179130, 100) = 0xfffd4143
1604329920,1604329920,0.688729
sgx,block,7,64,32,1,bf,
Checksum(0x0x7fffb589b3f0, 100) = 0xfffd4143
1604329921,1604329923,1.412634
sgx,block,7,64,16,1,bf,
Checksum(0x0x7fffb5e8e120, 100) = 0xfffd4143
1604329924,1604329927,2.876139
sgx,threads,7,64,16,1,bf,
Checksum(0x0x7ffee84a41d0, 100) = 0xfffd4143
1604329928,1604329930,2.853355
sgx,threads,7,64,16,2,bf,
Checksum(0x0x7fff5c306190, 100) = 0xfffd4143
1604329932,1604329935,3.939609
sgx,threads,7,64,16,4,bf,
Checksum(0x0x7ffd97f0e620, 100) = 0xfffd4143
1604329937,1604329942,5.906068
sgx,threads,7,64,16,8,bf,
Checksum(0x0x7fff6ebfa8c0, 100) = 0xfffd4143
1604329944,1604329952,8.507306
sgx,scheduler,7,64,16,1,bf,
Checksum(0x0x7fffb3fc99e0, 100) = 0xfffd4143
1604329953,1604329956,2.898689
sgx,scheduler,7,64,16,1,wf,
Checksum(0x0x7fffa20fd570, 100) = 0xfffd4143
1604329957,1604329960,2.751166
sgx,size,8,64,16,1,bf,
Checksum(0x0x7ffd81f8d700, 100) = 0xfffd4143
1604329961,1604329964,2.866560
sgx,size,8,32,16,1,bf,
Checksum(0x0x7fffff7e3310, 100) = 0xfffd4143
1604329965,1604329966,1.410496
sgx,size,8,16,16,1,bf,
Checksum(0x0x7ffc5cac20d0, 100) = 0xfffd4143
1604329967,1604329968,0.682988
sgx,block,8,64,64,1,bf,
Checksum(0x0x7ffea444a950, 100) = 0xfffd4143
1604329969,1604329970,0.688988
sgx,block,8,64,32,1,bf,
Checksum(0x0x7ffda7ea34c0, 100) = 0xfffd4143
1604329971,1604329972,1.426364
sgx,block,8,64,16,1,bf,
Checksum(0x0x7ffd490da300, 100) = 0xfffd4143
1604329973,1604329976,2.853247
sgx,threads,8,64,16,1,bf,
Checksum(0x0x7ffc10759a10, 100) = 0xfffd4143
1604329977,1604329980,2.861009
sgx,threads,8,64,16,2,bf,
Checksum(0x0x7ffcf0341f80, 100) = 0xfffd4143
1604329981,1604329985,3.924447
sgx,threads,8,64,16,4,bf,
Checksum(0x0x7ffee2ba0180, 100) = 0xfffd4143
1604329986,1604329992,5.882160
sgx,threads,8,64,16,8,bf,
Checksum(0x0x7ffd3df41000, 100) = 0xfffd4143
1604329993,1604330001,8.442418
sgx,scheduler,8,64,16,1,bf,
Checksum(0x0x7ffcccffa090, 100) = 0xfffd4143
1604330002,1604330005,2.878358
sgx,scheduler,8,64,16,1,wf,
Checksum(0x0x7fff5550d890, 100) = 0xfffd4143
1604330006,1604330009,2.774981
sgx,size,9,64,16,1,bf,
Checksum(0x0x7ffe6fa60dc0, 100) = 0xfffd4143
1604330010,1604330013,2.847869
sgx,size,9,32,16,1,bf,
Checksum(0x0x7ffdd9187950, 100) = 0xfffd4143
1604330014,1604330015,1.408061
sgx,size,9,16,16,1,bf,
Checksum(0x0x7fff1e63be70, 100) = 0xfffd4143
1604330016,1604330017,0.675794
sgx,block,9,64,64,1,bf,
Checksum(0x0x7ffe5ed7f170, 100) = 0xfffd4143
1604330018,1604330019,0.703709
sgx,block,9,64,32,1,bf,
Checksum(0x0x7ffebc3e87b0, 100) = 0xfffd4143
1604330020,1604330021,1.404757
sgx,block,9,64,16,1,bf,
Checksum(0x0x7ffcb1e4ab30, 100) = 0xfffd4143
1604330022,1604330025,2.850732
sgx,threads,9,64,16,1,bf,
Checksum(0x0x7ffe38f74540, 100) = 0xfffd4143
1604330026,1604330029,2.851812
sgx,threads,9,64,16,2,bf,
Checksum(0x0x7ffc05097260, 100) = 0xfffd4143
1604330030,1604330034,3.933120
sgx,threads,9,64,16,4,bf,
Checksum(0x0x7ffeba80c280, 100) = 0xfffd4143
1604330035,1604330041,5.895268
sgx,threads,9,64,16,8,bf,
Checksum(0x0x7fff18ea7630, 100) = 0xfffd4143
1604330042,1604330051,8.445001
sgx,scheduler,9,64,16,1,bf,
Checksum(0x0x7ffe231ba560, 100) = 0xfffd4143
1604330052,1604330054,2.889015
sgx,scheduler,9,64,16,1,wf,
Checksum(0x0x7ffd1c690860, 100) = 0xfffd4143
1604330055,1604330058,2.743093
sgx,size,10,64,16,1,bf,
Checksum(0x0x7ffef0bd93c0, 100) = 0xfffd4143
1604330059,1604330062,2.860976
sgx,size,10,32,16,1,bf,
Checksum(0x0x7fffba823580, 100) = 0xfffd4143
1604330063,1604330065,1.406236
sgx,size,10,16,16,1,bf,
Checksum(0x0x7ffe0578f0e0, 100) = 0xfffd4143
1604330066,1604330066,0.684916
sgx,block,10,64,64,1,bf,
Checksum(0x0x7ffe76aafef0, 100) = 0xfffd4143
1604330067,1604330068,0.691544
sgx,block,10,64,32,1,bf,
Checksum(0x0x7ffcae201810, 100) = 0xfffd4143
1604330069,1604330071,1.414614
sgx,block,10,64,16,1,bf,
Checksum(0x0x7fff8ee93240, 100) = 0xfffd4143
1604330072,1604330074,2.856252
sgx,threads,10,64,16,1,bf,
Checksum(0x0x7fff93bf1440, 100) = 0xfffd4143
1604330075,1604330078,2.854724
sgx,threads,10,64,16,2,bf,
Checksum(0x0x7ffc049e7380, 100) = 0xfffd4143
1604330079,1604330083,3.936981
sgx,threads,10,64,16,4,bf,
Checksum(0x0x7ffe7789ecf0, 100) = 0xfffd4143
1604330084,1604330090,5.976318
sgx,threads,10,64,16,8,bf,
Checksum(0x0x7fff462e7f80, 100) = 0xfffd4143
1604330091,1604330100,8.439357
sgx,scheduler,10,64,16,1,bf,
Checksum(0x0x7ffe24e86180, 100) = 0xfffd4143
1604330101,1604330104,2.912276
sgx,scheduler,10,64,16,1,wf,
Checksum(0x0x7ffd420da220, 100) = 0xfffd4143
1604330105,1604330108,2.755424
