sgx,size,1,1024,256,1,bf,
Checksum(0x0x7ffc2e788cf0, 100) = 0xfffd4143
1605631049,1605631050,0.482277
sgx,size,1,512,256,1,bf,
Checksum(0x0x7ffd6209bca0, 100) = 0xfffd4143
1605631051,1605631051,0.057901
sgx,size,1,256,256,1,bf,
Checksum(0x0x7ffd2d773430, 100) = 0xfffd4143
1605631052,1605631052,0.008452
sgx,block,1,1024,1024,1,bf,
Checksum(0x0x7fff8d1e4be0, 100) = 0xfffd4143
1605631053,1605631054,0.606990
sgx,block,1,1024,512,1,bf,
Checksum(0x0x7ffe8ab82340, 100) = 0xfffd4143
1605631055,1605631055,0.405125
sgx,block,1,1024,256,1,bf,
Checksum(0x0x7ffdf2c56370, 100) = 0xfffd4143
1605631056,1605631057,0.483498
sgx,threads,1,1024,256,1,bf,
Checksum(0x0x7ffe310eff80, 100) = 0xfffd4143
1605631058,1605631058,0.484125
sgx,threads,1,1024,256,2,bf,
Checksum(0x0x7ffc3a2a7e90, 100) = 0xfffd4143
1605631059,1605631060,0.317590
sgx,threads,1,1024,256,4,bf,
Checksum(0x0x7ffcab977de0, 100) = 0xfffd4143
1605631061,1605631061,0.258824
sgx,threads,1,1024,256,8,bf,
Checksum(0x0x7ffe5cb69610, 100) = 0xfffd4143
1605631062,1605631063,0.322859
sgx,scheduler,1,1024,256,1,bf,
Checksum(0x0x7fff6c329240, 100) = 0xfffd4143
1605631064,1605631064,0.491327
sgx,scheduler,1,1024,256,1,wf,
Checksum(0x0x7fffc29e1f60, 100) = 0xfffd4143
1605631065,1605631066,0.484571
sgx,size,2,1024,256,1,bf,
Checksum(0x0x7fffab2088a0, 100) = 0xfffd4143
1605631067,1605631067,0.484154
sgx,size,2,512,256,1,bf,
Checksum(0x0x7ffffeb40190, 100) = 0xfffd4143
1605631068,1605631068,0.057439
sgx,size,2,256,256,1,bf,
Checksum(0x0x7ffe1b7d21d0, 100) = 0xfffd4143
1605631069,1605631069,0.008621
sgx,block,2,1024,1024,1,bf,
Checksum(0x0x7ffe2f67e780, 100) = 0xfffd4143
1605631071,1605631071,0.591874
sgx,block,2,1024,512,1,bf,
Checksum(0x0x7ffe84520e10, 100) = 0xfffd4143
1605631072,1605631073,0.406952
sgx,block,2,1024,256,1,bf,
Checksum(0x0x7ffddd4893e0, 100) = 0xfffd4143
1605631074,1605631074,0.483262
sgx,threads,2,1024,256,1,bf,
Checksum(0x0x7ffd6829a410, 100) = 0xfffd4143
1605631075,1605631076,0.483376
sgx,threads,2,1024,256,2,bf,
Checksum(0x0x7ffd11f33290, 100) = 0xfffd4143
1605631077,1605631077,0.317639
sgx,threads,2,1024,256,4,bf,
Checksum(0x0x7ffd705d26b0, 100) = 0xfffd4143
1605631078,1605631079,0.266471
sgx,threads,2,1024,256,8,bf,
Checksum(0x0x7ffea6fedee0, 100) = 0xfffd4143
1605631080,1605631080,0.331263
sgx,scheduler,2,1024,256,1,bf,
Checksum(0x0x7fff9a525060, 100) = 0xfffd4143
1605631081,1605631082,0.494114
sgx,scheduler,2,1024,256,1,wf,
Checksum(0x0x7ffc94a62190, 100) = 0xfffd4143
1605631083,1605631083,0.483598
sgx,size,3,1024,256,1,bf,
Checksum(0x0x7ffe5085e750, 100) = 0xfffd4143
1605631084,1605631085,0.484273
sgx,size,3,512,256,1,bf,
Checksum(0x0x7ffd6f4dc880, 100) = 0xfffd4143
1605631086,1605631086,0.057900
sgx,size,3,256,256,1,bf,
Checksum(0x0x7fff88fed680, 100) = 0xfffd4143
1605631087,1605631087,0.008734
sgx,block,3,1024,1024,1,bf,
Checksum(0x0x7fff62e03250, 100) = 0xfffd4143
1605631088,1605631089,0.615488
sgx,block,3,1024,512,1,bf,
Checksum(0x0x7ffe1babbdb0, 100) = 0xfffd4143
1605631090,1605631090,0.405583
sgx,block,3,1024,256,1,bf,
Checksum(0x0x7ffe6016ae00, 100) = 0xfffd4143
1605631091,1605631092,0.483324
sgx,threads,3,1024,256,1,bf,
Checksum(0x0x7ffe4237ef70, 100) = 0xfffd4143
1605631093,1605631093,0.485150
sgx,threads,3,1024,256,2,bf,
Checksum(0x0x7ffcb5d23d90, 100) = 0xfffd4143
1605631094,1605631095,0.318175
sgx,threads,3,1024,256,4,bf,
Checksum(0x0x7ffc472e2dc0, 100) = 0xfffd4143
1605631096,1605631096,0.269315
sgx,threads,3,1024,256,8,bf,
Checksum(0x0x7fff30059d40, 100) = 0xfffd4143
1605631097,1605631098,0.324578
sgx,scheduler,3,1024,256,1,bf,
Checksum(0x0x7ffeb49883d0, 100) = 0xfffd4143
1605631099,1605631099,0.484628
sgx,scheduler,3,1024,256,1,wf,
Checksum(0x0x7fffcd297910, 100) = 0xfffd4143
1605631100,1605631101,0.484164
sgx,size,4,1024,256,1,bf,
Checksum(0x0x7fffc64a6d20, 100) = 0xfffd4143
1605631102,1605631102,0.482659
sgx,size,4,512,256,1,bf,
Checksum(0x0x7ffce00eeb90, 100) = 0xfffd4143
1605631103,1605631103,0.057864
sgx,size,4,256,256,1,bf,
Checksum(0x0x7ffe36220df0, 100) = 0xfffd4143
1605631104,1605631104,0.008575
sgx,block,4,1024,1024,1,bf,
Checksum(0x0x7fff15729c10, 100) = 0xfffd4143
1605631105,1605631106,0.602659
sgx,block,4,1024,512,1,bf,
Checksum(0x0x7ffc2eec8b50, 100) = 0xfffd4143
1605631107,1605631108,0.404639
sgx,block,4,1024,256,1,bf,
Checksum(0x0x7ffff4030880, 100) = 0xfffd4143
1605631109,1605631109,0.483422
sgx,threads,4,1024,256,1,bf,
Checksum(0x0x7ffd23b37260, 100) = 0xfffd4143
1605631110,1605631111,0.484371
sgx,threads,4,1024,256,2,bf,
Checksum(0x0x7ffd6cd58970, 100) = 0xfffd4143
1605631112,1605631112,0.317416
sgx,threads,4,1024,256,4,bf,
Checksum(0x0x7fff2283c8c0, 100) = 0xfffd4143
1605631113,1605631113,0.257978
sgx,threads,4,1024,256,8,bf,
Checksum(0x0x7ffc3327e510, 100) = 0xfffd4143
1605631115,1605631115,0.315339
sgx,scheduler,4,1024,256,1,bf,
Checksum(0x0x7ffd5c75f140, 100) = 0xfffd4143
1605631116,1605631117,0.496104
sgx,scheduler,4,1024,256,1,wf,
Checksum(0x0x7ffd14449ee0, 100) = 0xfffd4143
1605631118,1605631118,0.484091
sgx,size,5,1024,256,1,bf,
Checksum(0x0x7fff1ceb6800, 100) = 0xfffd4143
1605631119,1605631120,0.485444
sgx,size,5,512,256,1,bf,
Checksum(0x0x7ffcfde86200, 100) = 0xfffd4143
1605631121,1605631121,0.057798
sgx,size,5,256,256,1,bf,
Checksum(0x0x7ffd7607ee90, 100) = 0xfffd4143
1605631122,1605631122,0.008660
sgx,block,5,1024,1024,1,bf,
Checksum(0x0x7ffced5b7570, 100) = 0xfffd4143
1605631123,1605631124,0.575192
sgx,block,5,1024,512,1,bf,
Checksum(0x0x7fff1f8371e0, 100) = 0xfffd4143
1605631125,1605631125,0.404958
sgx,block,5,1024,256,1,bf,
Checksum(0x0x7ffd1c5b6c30, 100) = 0xfffd4143
1605631126,1605631127,0.484302
sgx,threads,5,1024,256,1,bf,
Checksum(0x0x7ffde2269160, 100) = 0xfffd4143
1605631128,1605631128,0.484663
sgx,threads,5,1024,256,2,bf,
Checksum(0x0x7ffe3ed5e8e0, 100) = 0xfffd4143
1605631129,1605631130,0.316384
sgx,threads,5,1024,256,4,bf,
Checksum(0x0x7ffc78a07250, 100) = 0xfffd4143
1605631131,1605631131,0.273823
sgx,threads,5,1024,256,8,bf,
Checksum(0x0x7ffe937a5480, 100) = 0xfffd4143
1605631132,1605631132,0.312695
sgx,scheduler,5,1024,256,1,bf,
Checksum(0x0x7ffc201046e0, 100) = 0xfffd4143
1605631133,1605631134,0.489084
sgx,scheduler,5,1024,256,1,wf,
Checksum(0x0x7ffdae750ee0, 100) = 0xfffd4143
1605631135,1605631135,0.483656
sgx,size,6,1024,256,1,bf,
Checksum(0x0x7fff756de0a0, 100) = 0xfffd4143
1605631137,1605631137,0.482843
sgx,size,6,512,256,1,bf,
Checksum(0x0x7ffd81bd84d0, 100) = 0xfffd4143
1605631138,1605631138,0.057797
sgx,size,6,256,256,1,bf,
Checksum(0x0x7fffddaeeef0, 100) = 0xfffd4143
1605631139,1605631139,0.008655
sgx,block,6,1024,1024,1,bf,
Checksum(0x0x7ffddc1c03b0, 100) = 0xfffd4143
1605631140,1605631141,0.596602
sgx,block,6,1024,512,1,bf,
Checksum(0x0x7ffee28b9960, 100) = 0xfffd4143
1605631142,1605631142,0.404719
sgx,block,6,1024,256,1,bf,
Checksum(0x0x7ffcef9d5fd0, 100) = 0xfffd4143
1605631143,1605631144,0.482938
sgx,threads,6,1024,256,1,bf,
Checksum(0x0x7fffe73e0f40, 100) = 0xfffd4143
1605631145,1605631146,0.483785
sgx,threads,6,1024,256,2,bf,
Checksum(0x0x7ffdbd6f2590, 100) = 0xfffd4143
1605631147,1605631147,0.317385
sgx,threads,6,1024,256,4,bf,
Checksum(0x0x7ffc335611a0, 100) = 0xfffd4143
1605631148,1605631148,0.261017
sgx,threads,6,1024,256,8,bf,
Checksum(0x0x7fffe2cb7960, 100) = 0xfffd4143
1605631149,1605631150,0.307430
sgx,scheduler,6,1024,256,1,bf,
Checksum(0x0x7ffd1604f9c0, 100) = 0xfffd4143
1605631151,1605631151,0.495194
sgx,scheduler,6,1024,256,1,wf,
Checksum(0x0x7fff31758b80, 100) = 0xfffd4143
1605631152,1605631153,0.483937
sgx,size,7,1024,256,1,bf,
Checksum(0x0x7ffe2d1f2d90, 100) = 0xfffd4143
1605631154,1605631154,0.484003
sgx,size,7,512,256,1,bf,
Checksum(0x0x7ffd5ccf0fe0, 100) = 0xfffd4143
1605631156,1605631156,0.051865
sgx,size,7,256,256,1,bf,
Checksum(0x0x7ffec0f99850, 100) = 0xfffd4143
1605631157,1605631157,0.008782
sgx,block,7,1024,1024,1,bf,
Checksum(0x0x7ffd00c4e840, 100) = 0xfffd4143
1605631158,1605631158,0.619392
sgx,block,7,1024,512,1,bf,
Checksum(0x0x7ffc100be9f0, 100) = 0xfffd4143
1605631159,1605631160,0.404550
sgx,block,7,1024,256,1,bf,
Checksum(0x0x7ffcb2ff6c60, 100) = 0xfffd4143
1605631161,1605631161,0.483317
sgx,threads,7,1024,256,1,bf,
Checksum(0x0x7ffea6b1b930, 100) = 0xfffd4143
1605631162,1605631163,0.484307
sgx,threads,7,1024,256,2,bf,
Checksum(0x0x7ffc480e3d90, 100) = 0xfffd4143
1605631164,1605631164,0.317164
sgx,threads,7,1024,256,4,bf,
Checksum(0x0x7ffc7a5b8fb0, 100) = 0xfffd4143
1605631165,1605631166,0.263733
sgx,threads,7,1024,256,8,bf,
Checksum(0x0x7ffd588f6c30, 100) = 0xfffd4143
1605631167,1605631167,0.321925
sgx,scheduler,7,1024,256,1,bf,
Checksum(0x0x7ffde153cbb0, 100) = 0xfffd4143
1605631168,1605631169,0.484193
sgx,scheduler,7,1024,256,1,wf,
Checksum(0x0x7ffc20ff1540, 100) = 0xfffd4143
1605631170,1605631170,0.483665
sgx,size,8,1024,256,1,bf,
Checksum(0x0x7ffe3b10bc30, 100) = 0xfffd4143
1605631171,1605631172,0.484301
sgx,size,8,512,256,1,bf,
Checksum(0x0x7ffde95011b0, 100) = 0xfffd4143
1605631173,1605631173,0.053561
sgx,size,8,256,256,1,bf,
Checksum(0x0x7fffa4606a40, 100) = 0xfffd4143
1605631174,1605631174,0.008957
sgx,block,8,1024,1024,1,bf,
Checksum(0x0x7fffde1ba050, 100) = 0xfffd4143
1605631175,1605631176,0.615140
sgx,block,8,1024,512,1,bf,
Checksum(0x0x7fff028ecdd0, 100) = 0xfffd4143
1605631177,1605631177,0.405015
sgx,block,8,1024,256,1,bf,
Checksum(0x0x7ffefd56cbb0, 100) = 0xfffd4143
1605631178,1605631179,0.483715
sgx,threads,8,1024,256,1,bf,
Checksum(0x0x7ffdfdfc4580, 100) = 0xfffd4143
1605631180,1605631180,0.483292
sgx,threads,8,1024,256,2,bf,
Checksum(0x0x7fffeb116880, 100) = 0xfffd4143
1605631181,1605631182,0.297802
sgx,threads,8,1024,256,4,bf,
Checksum(0x0x7ffdb3d64710, 100) = 0xfffd4143
1605631183,1605631183,0.257413
sgx,threads,8,1024,256,8,bf,
Checksum(0x0x7ffe68eba6d0, 100) = 0xfffd4143
1605631184,1605631185,0.333616
sgx,scheduler,8,1024,256,1,bf,
Checksum(0x0x7ffed87923a0, 100) = 0xfffd4143
1605631186,1605631186,0.494422
sgx,scheduler,8,1024,256,1,wf,
Checksum(0x0x7fffd7f5c150, 100) = 0xfffd4143
1605631187,1605631188,0.482691
sgx,size,9,1024,256,1,bf,
Checksum(0x0x7fffc136b2d0, 100) = 0xfffd4143
1605631189,1605631189,0.482872
sgx,size,9,512,256,1,bf,
Checksum(0x0x7ffc570f9830, 100) = 0xfffd4143
1605631190,1605631190,0.052662
sgx,size,9,256,256,1,bf,
Checksum(0x0x7ffedcb2fee0, 100) = 0xfffd4143
1605631192,1605631192,0.008835
sgx,block,9,1024,1024,1,bf,
Checksum(0x0x7ffd62599db0, 100) = 0xfffd4143
1605631193,1605631193,0.617485
sgx,block,9,1024,512,1,bf,
Checksum(0x0x7ffcbc8a59f0, 100) = 0xfffd4143
1605631194,1605631195,0.404765
sgx,block,9,1024,256,1,bf,
Checksum(0x0x7ffdb92911c0, 100) = 0xfffd4143
1605631196,1605631196,0.483511
sgx,threads,9,1024,256,1,bf,
Checksum(0x0x7ffd7ceaa950, 100) = 0xfffd4143
1605631197,1605631198,0.483224
sgx,threads,9,1024,256,2,bf,
Checksum(0x0x7ffe945553f0, 100) = 0xfffd4143
1605631199,1605631199,0.316274
sgx,threads,9,1024,256,4,bf,
Checksum(0x0x7fff57d24d10, 100) = 0xfffd4143
1605631200,1605631201,0.269266
sgx,threads,9,1024,256,8,bf,
Checksum(0x0x7ffc77e80a80, 100) = 0xfffd4143
1605631202,1605631202,0.328895
sgx,scheduler,9,1024,256,1,bf,
Checksum(0x0x7ffeedebddc0, 100) = 0xfffd4143
1605631203,1605631204,0.494483
sgx,scheduler,9,1024,256,1,wf,
Checksum(0x0x7fffa8dead00, 100) = 0xfffd4143
1605631205,1605631205,0.483872
sgx,size,10,1024,256,1,bf,
Checksum(0x0x7ffdb8082c10, 100) = 0xfffd4143
1605631206,1605631207,0.483826
sgx,size,10,512,256,1,bf,
Checksum(0x0x7ffd81c33290, 100) = 0xfffd4143
1605631208,1605631208,0.052108
sgx,size,10,256,256,1,bf,
Checksum(0x0x7ffeac5563e0, 100) = 0xfffd4143
1605631209,1605631209,0.008817
sgx,block,10,1024,1024,1,bf,
Checksum(0x0x7fffacaefb80, 100) = 0xfffd4143
1605631210,1605631211,0.604154
sgx,block,10,1024,512,1,bf,
Checksum(0x0x7ffec4368d30, 100) = 0xfffd4143
1605631212,1605631212,0.404836
sgx,block,10,1024,256,1,bf,
Checksum(0x0x7ffc4fd94a40, 100) = 0xfffd4143
1605631213,1605631214,0.483490
sgx,threads,10,1024,256,1,bf,
Checksum(0x0x7ffc72ac58b0, 100) = 0xfffd4143
1605631215,1605631215,0.485426
sgx,threads,10,1024,256,2,bf,
Checksum(0x0x7ffcb99b06e0, 100) = 0xfffd4143
1605631216,1605631217,0.298126
sgx,threads,10,1024,256,4,bf,
Checksum(0x0x7ffd1b57b1a0, 100) = 0xfffd4143
1605631218,1605631218,0.257479
sgx,threads,10,1024,256,8,bf,
Checksum(0x0x7ffc0fa5b1e0, 100) = 0xfffd4143
1605631219,1605631219,0.313326
sgx,scheduler,10,1024,256,1,bf,
Checksum(0x0x7ffd59029e80, 100) = 0xfffd4143
1605631221,1605631221,0.494102
sgx,scheduler,10,1024,256,1,wf,
Checksum(0x0x7ffe3bf49910, 100) = 0xfffd4143
1605631222,1605631223,0.483730
