sgx-encrypted,size,1,100000,100000,1,bf,
Checksum(0x0x7ffdcb1f1e60, 100) = 0xfffd4143
1603976346,1603976346,0.291604
sgx-encrypted,size,1,200000,100000,1,bf,
Checksum(0x0x7ffd545a23c0, 100) = 0xfffd4143
1603976360,1603976361,0.584369
sgx-encrypted,size,1,400000,100000,1,bf,
Checksum(0x0x7fffe8f4ba40, 100) = 0xfffd4143
1603976382,1603976384,1.175037
sgx-encrypted,block,1,400000,100000,1,bf,
Checksum(0x0x7ffeff4d2e10, 100) = 0xfffd4143
1603976405,1603976406,1.171688
sgx-encrypted,block,1,400000,200000,1,bf,
Checksum(0x0x7ffcc3ed47d0, 100) = 0xfffd4143
1603976428,1603976429,1.168099
sgx-encrypted,block,1,400000,400000,1,bf,
Checksum(0x0x7ffeacf59dd0, 100) = 0xfffd4143
1603976451,1603976452,1.167597
sgx-encrypted,threads,1,400000,100000,1,bf,
Checksum(0x0x7ffeaa48b3f0, 100) = 0xfffd4143
1603976473,1603976475,1.169894
sgx-encrypted,threads,1,400000,100000,2,bf,
Checksum(0x0x7ffe6d9f9a20, 100) = 0xfffd4143
1603976497,1603976498,1.072394
sgx-encrypted,threads,1,400000,100000,4,bf,
Checksum(0x0x7ffcba61f020, 100) = 0xfffd4143
1603976521,1603976523,1.532396
sgx-encrypted,threads,1,400000,100000,8,bf,
Checksum(0x0x7fffbcd7f440, 100) = 0xfffd4143
1603976549,1603976550,1.208233
sgx-encrypted,scheduler,1,400000,100000,1,bf,
Checksum(0x0x7fffbb5d0720, 100) = 0xfffd4143
1603976571,1603976573,1.168851
sgx-encrypted,scheduler,1,400000,100000,1,wf,
Checksum(0x0x7ffc499a62f0, 100) = 0xfffd4143
1603976594,1603976595,1.166223
sgx-encrypted,size,2,100000,100000,1,bf,
Checksum(0x0x7ffd8ed00f00, 100) = 0xfffd4143
1603976606,1603976606,0.292690
sgx-encrypted,size,2,200000,100000,1,bf,
Checksum(0x0x7fff32432400, 100) = 0xfffd4143
1603976620,1603976621,0.583598
sgx-encrypted,size,2,400000,100000,1,bf,
Checksum(0x0x7ffdf682c8b0, 100) = 0xfffd4143
1603976642,1603976643,1.167712
sgx-encrypted,block,2,400000,100000,1,bf,
Checksum(0x0x7ffdc350a0c0, 100) = 0xfffd4143
1603976665,1603976666,1.174008
sgx-encrypted,block,2,400000,200000,1,bf,
Checksum(0x0x7ffd59755780, 100) = 0xfffd4143
1603976688,1603976689,1.171235
sgx-encrypted,block,2,400000,400000,1,bf,
Checksum(0x0x7ffd1baf2680, 100) = 0xfffd4143
1603976710,1603976712,1.169661
sgx-encrypted,threads,2,400000,100000,1,bf,
Checksum(0x0x7fff4c1b51e0, 100) = 0xfffd4143
1603976733,1603976734,1.168107
sgx-encrypted,threads,2,400000,100000,2,bf,
Checksum(0x0x7ffeab266370, 100) = 0xfffd4143
1603976756,1603976757,0.839668
sgx-encrypted,threads,2,400000,100000,4,bf,
Checksum(0x0x7fffeb283f70, 100) = 0xfffd4143
1603976781,1603976782,1.487303
sgx-encrypted,threads,2,400000,100000,8,bf,
Checksum(0x0x7ffce9af5180, 100) = 0xfffd4143
1603976808,1603976809,1.071746
sgx-encrypted,scheduler,2,400000,100000,1,bf,
Checksum(0x0x7ffc2aecc1a0, 100) = 0xfffd4143
1603976830,1603976831,1.169578
sgx-encrypted,scheduler,2,400000,100000,1,wf,
Checksum(0x0x7ffff002a800, 100) = 0xfffd4143
1603976853,1603976854,1.169170
sgx-encrypted,size,3,100000,100000,1,bf,
Checksum(0x0x7fff2407c840, 100) = 0xfffd4143
1603976865,1603976865,0.293455
sgx-encrypted,size,3,200000,100000,1,bf,
Checksum(0x0x7fff52ad7d30, 100) = 0xfffd4143
1603976879,1603976880,0.588139
sgx-encrypted,size,3,400000,100000,1,bf,
Checksum(0x0x7ffe4979cdd0, 100) = 0xfffd4143
1603976901,1603976902,1.168457
sgx-encrypted,block,3,400000,100000,1,bf,
Checksum(0x0x7ffe689314d0, 100) = 0xfffd4143
1603976924,1603976925,1.167587
sgx-encrypted,block,3,400000,200000,1,bf,
Checksum(0x0x7fff1f7ea380, 100) = 0xfffd4143
1603976947,1603976948,1.165954
sgx-encrypted,block,3,400000,400000,1,bf,
Checksum(0x0x7ffd04d06e40, 100) = 0xfffd4143
1603976969,1603976970,1.168466
sgx-encrypted,threads,3,400000,100000,1,bf,
Checksum(0x0x7ffc43bc4230, 100) = 0xfffd4143
1603976992,1603976993,1.166767
sgx-encrypted,threads,3,400000,100000,2,bf,
Checksum(0x0x7fff9c09cbd0, 100) = 0xfffd4143
1603977015,1603977016,0.839161
sgx-encrypted,threads,3,400000,100000,4,bf,
Checksum(0x0x7ffcebedf2c0, 100) = 0xfffd4143
1603977039,1603977041,1.273915
sgx-encrypted,threads,3,400000,100000,8,bf,
Checksum(0x0x7ffc57a8be30, 100) = 0xfffd4143
1603977066,1603977068,1.449298
sgx-encrypted,scheduler,3,400000,100000,1,bf,
Checksum(0x0x7ffe78c23a40, 100) = 0xfffd4143
1603977089,1603977090,1.168236
sgx-encrypted,scheduler,3,400000,100000,1,wf,
Checksum(0x0x7ffe8f7de0c0, 100) = 0xfffd4143
1603977112,1603977113,1.167278
sgx-encrypted,size,4,100000,100000,1,bf,
Checksum(0x0x7ffcc7d3f010, 100) = 0xfffd4143
1603977124,1603977124,0.291844
sgx-encrypted,size,4,200000,100000,1,bf,
Checksum(0x0x7ffc431963d0, 100) = 0xfffd4143
1603977138,1603977139,0.583450
sgx-encrypted,size,4,400000,100000,1,bf,
Checksum(0x0x7ffed8444360, 100) = 0xfffd4143
1603977160,1603977161,1.168184
sgx-encrypted,block,4,400000,100000,1,bf,
Checksum(0x0x7ffc18b06c90, 100) = 0xfffd4143
1603977183,1603977184,1.170363
sgx-encrypted,block,4,400000,200000,1,bf,
Checksum(0x0x7ffe4b61fb80, 100) = 0xfffd4143
1603977206,1603977207,1.166753
sgx-encrypted,block,4,400000,400000,1,bf,
Checksum(0x0x7ffe8a1ca740, 100) = 0xfffd4143
1603977228,1603977230,1.167255
sgx-encrypted,threads,4,400000,100000,1,bf,
Checksum(0x0x7fff997ddca0, 100) = 0xfffd4143
1603977251,1603977252,1.168013
sgx-encrypted,threads,4,400000,100000,2,bf,
Checksum(0x0x7ffc7fb1fb10, 100) = 0xfffd4143
1603977274,1603977276,1.116978
sgx-encrypted,threads,4,400000,100000,4,bf,
Checksum(0x0x7fff6cd16f20, 100) = 0xfffd4143
1603977299,1603977300,1.125494
sgx-encrypted,threads,4,400000,100000,8,bf,
Checksum(0x0x7ffc156138e0, 100) = 0xfffd4143
1603977326,1603977327,1.422485
sgx-encrypted,scheduler,4,400000,100000,1,bf,
Checksum(0x0x7ffc33b97e90, 100) = 0xfffd4143
1603977349,1603977350,1.169157
sgx-encrypted,scheduler,4,400000,100000,1,wf,
Checksum(0x0x7ffdbaaf4b40, 100) = 0xfffd4143
1603977371,1603977372,1.169501
sgx-encrypted,size,5,100000,100000,1,bf,
Checksum(0x0x7fff40c0ed80, 100) = 0xfffd4143
1603977383,1603977383,0.292484
sgx-encrypted,size,5,200000,100000,1,bf,
Checksum(0x0x7ffd159c8c70, 100) = 0xfffd4143
1603977397,1603977398,0.583876
sgx-encrypted,size,5,400000,100000,1,bf,
Checksum(0x0x7ffc93443c70, 100) = 0xfffd4143
1603977419,1603977420,1.168140
sgx-encrypted,block,5,400000,100000,1,bf,
Checksum(0x0x7ffc509302a0, 100) = 0xfffd4143
1603977442,1603977443,1.168165
sgx-encrypted,block,5,400000,200000,1,bf,
Checksum(0x0x7ffc465f1810, 100) = 0xfffd4143
1603977465,1603977466,1.166587
sgx-encrypted,block,5,400000,400000,1,bf,
Checksum(0x0x7fff0a869fe0, 100) = 0xfffd4143
1603977488,1603977489,1.167288
sgx-encrypted,threads,5,400000,100000,1,bf,
Checksum(0x0x7ffc032d7010, 100) = 0xfffd4143
1603977510,1603977511,1.169145
sgx-encrypted,threads,5,400000,100000,2,bf,
Checksum(0x0x7ffc29f6ee10, 100) = 0xfffd4143
1603977534,1603977535,0.900099
sgx-encrypted,threads,5,400000,100000,4,bf,
Checksum(0x0x7ffd1c5cd3f0, 100) = 0xfffd4143
1603977558,1603977559,1.502417
sgx-encrypted,threads,5,400000,100000,8,bf,
Checksum(0x0x7ffda731e8f0, 100) = 0xfffd4143
1603977585,1603977586,1.429996
sgx-encrypted,scheduler,5,400000,100000,1,bf,
Checksum(0x0x7ffd41998250, 100) = 0xfffd4143
1603977608,1603977609,1.167726
sgx-encrypted,scheduler,5,400000,100000,1,wf,
Checksum(0x0x7ffd348084a0, 100) = 0xfffd4143
1603977631,1603977632,1.166059
sgx-encrypted,size,6,100000,100000,1,bf,
Checksum(0x0x7fffcb635da0, 100) = 0xfffd4143
1603977642,1603977642,0.291712
sgx-encrypted,size,6,200000,100000,1,bf,
Checksum(0x0x7ffffc24d0d0, 100) = 0xfffd4143
1603977657,1603977657,0.584276
sgx-encrypted,size,6,400000,100000,1,bf,
Checksum(0x0x7fffda12a5d0, 100) = 0xfffd4143
1603977679,1603977680,1.169323
sgx-encrypted,block,6,400000,100000,1,bf,
Checksum(0x0x7ffc9382fa90, 100) = 0xfffd4143
1603977701,1603977702,1.169273
sgx-encrypted,block,6,400000,200000,1,bf,
Checksum(0x0x7ffdc9388500, 100) = 0xfffd4143
1603977724,1603977725,1.167243
sgx-encrypted,block,6,400000,400000,1,bf,
Checksum(0x0x7ffe94e10830, 100) = 0xfffd4143
1603977747,1603977748,1.168105
sgx-encrypted,threads,6,400000,100000,1,bf,
Checksum(0x0x7ffd705689d0, 100) = 0xfffd4143
1603977770,1603977771,1.168702
sgx-encrypted,threads,6,400000,100000,2,bf,
Checksum(0x0x7ffdf8c06520, 100) = 0xfffd4143
1603977793,1603977794,1.072562
sgx-encrypted,threads,6,400000,100000,4,bf,
Checksum(0x0x7ffcb5db4c20, 100) = 0xfffd4143
1603977817,1603977819,1.522137
sgx-encrypted,threads,6,400000,100000,8,bf,
Checksum(0x0x7ffdfd68e800, 100) = 0xfffd4143
1603977844,1603977846,1.071952
sgx-encrypted,scheduler,6,400000,100000,1,bf,
Checksum(0x0x7ffcb23d8940, 100) = 0xfffd4143
1603977867,1603977868,1.167889
sgx-encrypted,scheduler,6,400000,100000,1,wf,
Checksum(0x0x7ffc751becd0, 100) = 0xfffd4143
1603977890,1603977891,1.170897
sgx-encrypted,size,7,100000,100000,1,bf,
Checksum(0x0x7ffcb996a580, 100) = 0xfffd4143
1603977901,1603977902,0.291647
sgx-encrypted,size,7,200000,100000,1,bf,
Checksum(0x0x7ffe4b60ce60, 100) = 0xfffd4143
1603977916,1603977916,0.584320
sgx-encrypted,size,7,400000,100000,1,bf,
Checksum(0x0x7ffd78221f30, 100) = 0xfffd4143
1603977938,1603977939,1.168454
sgx-encrypted,block,7,400000,100000,1,bf,
Checksum(0x0x7fff42acd7b0, 100) = 0xfffd4143
1603977961,1603977962,1.168968
sgx-encrypted,block,7,400000,200000,1,bf,
Checksum(0x0x7ffcfa29b020, 100) = 0xfffd4143
1603977983,1603977985,1.167782
sgx-encrypted,block,7,400000,400000,1,bf,
Checksum(0x0x7fffe3c74620, 100) = 0xfffd4143
1603978006,1603978007,1.168216
sgx-encrypted,threads,7,400000,100000,1,bf,
Checksum(0x0x7fffccaa86a0, 100) = 0xfffd4143
1603978029,1603978030,1.168191
sgx-encrypted,threads,7,400000,100000,2,bf,
Checksum(0x0x7fff17e5f740, 100) = 0xfffd4143
1603978052,1603978053,1.099474
sgx-encrypted,threads,7,400000,100000,4,bf,
Checksum(0x0x7ffcf9601f30, 100) = 0xfffd4143
1603978077,1603978078,1.513937
sgx-encrypted,threads,7,400000,100000,8,bf,
Checksum(0x0x7ffd7d6a0b90, 100) = 0xfffd4143
1603978104,1603978105,1.069773
sgx-encrypted,scheduler,7,400000,100000,1,bf,
Checksum(0x0x7ffc4ca8a060, 100) = 0xfffd4143
1603978126,1603978127,1.167277
sgx-encrypted,scheduler,7,400000,100000,1,wf,
Checksum(0x0x7ffe30f5e080, 100) = 0xfffd4143
1603978149,1603978150,1.167927
sgx-encrypted,size,8,100000,100000,1,bf,
Checksum(0x0x7fff3510f860, 100) = 0xfffd4143
1603978161,1603978161,0.291860
sgx-encrypted,size,8,200000,100000,1,bf,
Checksum(0x0x7fffa6c1a6e0, 100) = 0xfffd4143
1603978175,1603978175,0.583491
sgx-encrypted,size,8,400000,100000,1,bf,
Checksum(0x0x7ffee07e24d0, 100) = 0xfffd4143
1603978197,1603978198,1.168532
sgx-encrypted,block,8,400000,100000,1,bf,
Checksum(0x0x7ffe27ef7350, 100) = 0xfffd4143
1603978220,1603978221,1.168660
sgx-encrypted,block,8,400000,200000,1,bf,
Checksum(0x0x7ffc3b786920, 100) = 0xfffd4143
1603978242,1603978244,1.166421
sgx-encrypted,block,8,400000,400000,1,bf,
Checksum(0x0x7fff44c293b0, 100) = 0xfffd4143
1603978265,1603978266,1.165809
sgx-encrypted,threads,8,400000,100000,1,bf,
Checksum(0x0x7ffe6019eb20, 100) = 0xfffd4143
1603978288,1603978289,1.168277
sgx-encrypted,threads,8,400000,100000,2,bf,
Checksum(0x0x7fff63b65af0, 100) = 0xfffd4143
1603978311,1603978312,0.844889
sgx-encrypted,threads,8,400000,100000,4,bf,
Checksum(0x0x7ffc03be1ea0, 100) = 0xfffd4143
1603978335,1603978337,1.498333
sgx-encrypted,threads,8,400000,100000,8,bf,
Checksum(0x0x7fff596228b0, 100) = 0xfffd4143
1603978362,1603978363,1.005534
sgx-encrypted,scheduler,8,400000,100000,1,bf,
Checksum(0x0x7ffe21022660, 100) = 0xfffd4143
1603978385,1603978386,1.170054
sgx-encrypted,scheduler,8,400000,100000,1,wf,
Checksum(0x0x7ffd1f00cbd0, 100) = 0xfffd4143
1603978408,1603978409,1.171015
sgx-encrypted,size,9,100000,100000,1,bf,
Checksum(0x0x7ffe15bdcc70, 100) = 0xfffd4143
1603978419,1603978420,0.291581
sgx-encrypted,size,9,200000,100000,1,bf,
Checksum(0x0x7ffd77c6ee20, 100) = 0xfffd4143
1603978434,1603978434,0.584365
sgx-encrypted,size,9,400000,100000,1,bf,
Checksum(0x0x7fff42dd4a60, 100) = 0xfffd4143
1603978456,1603978457,1.166553
sgx-encrypted,block,9,400000,100000,1,bf,
Checksum(0x0x7ffdc084a500, 100) = 0xfffd4143
1603978479,1603978480,1.167860
sgx-encrypted,block,9,400000,200000,1,bf,
Checksum(0x0x7fffb5e41300, 100) = 0xfffd4143
1603978501,1603978502,1.167988
sgx-encrypted,block,9,400000,400000,1,bf,
Checksum(0x0x7ffc7196f700, 100) = 0xfffd4143
1603978524,1603978525,1.168621
sgx-encrypted,threads,9,400000,100000,1,bf,
Checksum(0x0x7ffebd04e3b0, 100) = 0xfffd4143
1603978547,1603978548,1.167160
sgx-encrypted,threads,9,400000,100000,2,bf,
Checksum(0x0x7ffcd334c630, 100) = 0xfffd4143
1603978570,1603978571,0.838998
sgx-encrypted,threads,9,400000,100000,4,bf,
Checksum(0x0x7ffd35ee0510, 100) = 0xfffd4143
1603978594,1603978595,1.109087
sgx-encrypted,threads,9,400000,100000,8,bf,
Checksum(0x0x7ffc71db6c90, 100) = 0xfffd4143
1603978621,1603978622,1.190579
sgx-encrypted,scheduler,9,400000,100000,1,bf,
Checksum(0x0x7ffdc0534680, 100) = 0xfffd4143
1603978644,1603978645,1.170256
sgx-encrypted,scheduler,9,400000,100000,1,wf,
Checksum(0x0x7ffd479ceba0, 100) = 0xfffd4143
1603978666,1603978668,1.167949
sgx-encrypted,size,10,100000,100000,1,bf,
Checksum(0x0x7fffa78f1b90, 100) = 0xfffd4143
1603978678,1603978678,0.291788
sgx-encrypted,size,10,200000,100000,1,bf,
Checksum(0x0x7fff6b3ccb10, 100) = 0xfffd4143
1603978692,1603978693,0.583631
sgx-encrypted,size,10,400000,100000,1,bf,
Checksum(0x0x7ffc9942a7c0, 100) = 0xfffd4143
1603978714,1603978716,1.171055
sgx-encrypted,block,10,400000,100000,1,bf,
Checksum(0x0x7ffee2692fe0, 100) = 0xfffd4143
1603978737,1603978738,1.170230
sgx-encrypted,block,10,400000,200000,1,bf,
Checksum(0x0x7ffc97eac4c0, 100) = 0xfffd4143
1603978760,1603978761,1.168344
sgx-encrypted,block,10,400000,400000,1,bf,
Checksum(0x0x7ffc29f8c750, 100) = 0xfffd4143
1603978783,1603978784,1.167839
sgx-encrypted,threads,10,400000,100000,1,bf,
Checksum(0x0x7ffcd4bca4d0, 100) = 0xfffd4143
1603978805,1603978807,1.170510
sgx-encrypted,threads,10,400000,100000,2,bf,
Checksum(0x0x7ffe52927400, 100) = 0xfffd4143
1603978829,1603978830,1.100329
sgx-encrypted,threads,10,400000,100000,4,bf,
Checksum(0x0x7ffd3b29b580, 100) = 0xfffd4143
1603978853,1603978855,1.274099
sgx-encrypted,threads,10,400000,100000,8,bf,
Checksum(0x0x7fffa48a5dc0, 100) = 0xfffd4143
1603978880,1603978881,1.055521
sgx-encrypted,scheduler,10,400000,100000,1,bf,
Checksum(0x0x7ffcff124b00, 100) = 0xfffd4143
1603978903,1603978904,1.167227
sgx-encrypted,scheduler,10,400000,100000,1,wf,
Checksum(0x0x7ffd2352bf00, 100) = 0xfffd4143
1603978926,1603978927,1.166724
