sgx-encrypted,size,1,32,8,1,bf,
Checksum(0x0x7ffe04390450, 100) = 0xfffd4143
1603900949,1603900950,0.590711
sgx-encrypted,size,1,16,8,1,bf,
Checksum(0x0x7ffe7edd5e50, 100) = 0xfffd4143
1603900954,1603900954,0.078162
sgx-encrypted,size,1,8,8,1,bf,
Checksum(0x0x7ffea94f3500, 100) = 0xfffd4143
1603900959,1603900959,0.009562
sgx-encrypted,block,1,32,32,1,bf,
Checksum(0x0x7fff5bf926f0, 100) = 0xfffd4143
1603900964,1603900969,5.339585
sgx-encrypted,block,1,32,16,1,bf,
Checksum(0x0x7ffdd1cc6c00, 100) = 0xfffd4143
1603900974,1603900976,2.053584
sgx-encrypted,block,1,32,8,1,bf,
Checksum(0x0x7ffceb524f70, 100) = 0xfffd4143
1603900980,1603900981,0.587139
sgx-encrypted,threads,1,32,8,1,bf,
Checksum(0x0x7fff3c85f260, 100) = 0xfffd4143
1603900985,1603900986,0.587007
sgx-encrypted,threads,1,32,8,2,bf,
Checksum(0x0x7ffdcb42e3e0, 100) = 0xfffd4143
1603900991,1603900991,0.320828
sgx-encrypted,threads,1,32,8,4,bf,
Checksum(0x0x7ffc11d47e90, 100) = 0xfffd4143
1603900996,1603900997,0.179469
sgx-encrypted,threads,1,32,8,8,bf,
Checksum(0x0x7ffe90ccf3b0, 100) = 0xfffd4143
1603901002,1603901002,0.182883
sgx-encrypted,scheduler,1,32,8,1,bf,
Checksum(0x0x7ffd475ff060, 100) = 0xfffd4143
1603901007,1603901008,0.586879
sgx-encrypted,scheduler,1,32,8,1,wf,
Checksum(0x0x7ffeb4323e70, 100) = 0xfffd4143
1603901012,1603901013,0.580610
sgx-encrypted,size,2,32,8,1,bf,
Checksum(0x0x7ffd9faf08d0, 100) = 0xfffd4143
1603901017,1603901018,0.588460
sgx-encrypted,size,2,16,8,1,bf,
Checksum(0x0x7ffcf9d1ff10, 100) = 0xfffd4143
1603901023,1603901023,0.076864
sgx-encrypted,size,2,8,8,1,bf,
Checksum(0x0x7ffcd1decf70, 100) = 0xfffd4143
1603901027,1603901027,0.009745
sgx-encrypted,block,2,32,32,1,bf,
Checksum(0x0x7ffe5f956ca0, 100) = 0xfffd4143
1603902624,1603902628,4.393912
sgx-encrypted,block,2,32,16,1,bf,
Checksum(0x0x7ffe5f956ca0, 100) = 0xfffd4143
1603901040,1603901042,2.059701
sgx-encrypted,block,2,32,8,1,bf,
Checksum(0x0x7ffcbbe98b10, 100) = 0xfffd4143
1603901047,1603901047,0.587937
sgx-encrypted,threads,2,32,8,1,bf,
Checksum(0x0x7ffc14412d70, 100) = 0xfffd4143
1603901052,1603901053,0.588154
sgx-encrypted,threads,2,32,8,2,bf,
Checksum(0x0x7ffe2815ddc0, 100) = 0xfffd4143
1603901057,1603901058,0.320620
sgx-encrypted,threads,2,32,8,4,bf,
Checksum(0x0x7ffdc3479dd0, 100) = 0xfffd4143
1603901063,1603901063,0.177822
sgx-encrypted,threads,2,32,8,8,bf,
Checksum(0x0x7ffe285d32a0, 100) = 0xfffd4143
1603901069,1603901069,0.181747
sgx-encrypted,scheduler,2,32,8,1,bf,
Checksum(0x0x7ffc034cf4c0, 100) = 0xfffd4143
1603901074,1603901074,0.586718
sgx-encrypted,scheduler,2,32,8,1,wf,
Checksum(0x0x7ffd5aa56dd0, 100) = 0xfffd4143
1603901079,1603901079,0.584781
sgx-encrypted,size,3,32,8,1,bf,
Checksum(0x0x7fff45e79d10, 100) = 0xfffd4143
1603901084,1603901085,0.588297
sgx-encrypted,size,3,16,8,1,bf,
Checksum(0x0x7ffd376e16e0, 100) = 0xfffd4143
1603901089,1603901089,0.074542
sgx-encrypted,size,3,8,8,1,bf,
Checksum(0x0x7ffea2420de0, 100) = 0xfffd4143
1603901094,1603901094,0.009573
sgx-encrypted,block,3,32,32,1,bf,
Checksum(0x0x7ffcacf46460, 100) = 0xfffd4143
1603901099,1603901103,4.386404
sgx-encrypted,block,3,32,16,1,bf,
Checksum(0x0x7ffd010b1970, 100) = 0xfffd4143
1603901108,1603901110,2.053344
sgx-encrypted,block,3,32,8,1,bf,
Checksum(0x0x7ffffdec0080, 100) = 0xfffd4143
1603901114,1603901115,0.588738
sgx-encrypted,threads,3,32,8,1,bf,
Checksum(0x0x7fff9f2ab080, 100) = 0xfffd4143
1603901119,1603901120,0.586254
sgx-encrypted,threads,3,32,8,2,bf,
Checksum(0x0x7fffa3d12dd0, 100) = 0xfffd4143
1603901125,1603901125,0.320657
sgx-encrypted,threads,3,32,8,4,bf,
Checksum(0x0x7ffea9db76e0, 100) = 0xfffd4143
1603901130,1603901131,0.153788
sgx-encrypted,threads,3,32,8,8,bf,
Checksum(0x0x7ffc38bddd70, 100) = 0xfffd4143
1603901136,1603901137,0.182425
sgx-encrypted,scheduler,3,32,8,1,bf,
Checksum(0x0x7fffaccdbe10, 100) = 0xfffd4143
1603901141,1603901142,0.587266
sgx-encrypted,scheduler,3,32,8,1,wf,
Checksum(0x0x7fff56a19aa0, 100) = 0xfffd4143
1603901146,1603901147,0.582408
sgx-encrypted,size,4,32,8,1,bf,
Checksum(0x0x7ffe7a5499e0, 100) = 0xfffd4143
1603901152,1603901152,0.600392
sgx-encrypted,size,4,16,8,1,bf,
Checksum(0x0x7ffea06430e0, 100) = 0xfffd4143
1603901157,1603901157,0.076833
sgx-encrypted,size,4,8,8,1,bf,
Checksum(0x0x7ffed2e2bc80, 100) = 0xfffd4143
1603901161,1603901161,0.009568
sgx-encrypted,block,4,32,32,1,bf,
Checksum(0x0x7ffea46c9820, 100) = 0xfffd4143
1603902607,1603902611,4.394109
sgx-encrypted,block,4,32,16,1,bf,
Checksum(0x0x7ffefac68eb0, 100) = 0xfffd4143
1603901174,1603901176,2.056114
sgx-encrypted,block,4,32,8,1,bf,
Checksum(0x0x7fff34de7520, 100) = 0xfffd4143
1603901181,1603901181,0.588515
sgx-encrypted,threads,4,32,8,1,bf,
Checksum(0x0x7fff3f743250, 100) = 0xfffd4143
1603901186,1603901187,0.588221
sgx-encrypted,threads,4,32,8,2,bf,
Checksum(0x0x7ffe85f1d020, 100) = 0xfffd4143
1603901191,1603901192,0.321838
sgx-encrypted,threads,4,32,8,4,bf,
Checksum(0x0x7fffaaa35e00, 100) = 0xfffd4143
1603901197,1603901197,0.177365
sgx-encrypted,threads,4,32,8,8,bf,
Checksum(0x0x7ffdcfe3c550, 100) = 0xfffd4143
1603901203,1603901203,0.183000
sgx-encrypted,scheduler,4,32,8,1,bf,
Checksum(0x0x7ffc153a5410, 100) = 0xfffd4143
1603901208,1603901208,0.591696
sgx-encrypted,scheduler,4,32,8,1,wf,
Checksum(0x0x7fff2aa8e0a0, 100) = 0xfffd4143
1603901213,1603901214,0.581520
sgx-encrypted,size,5,32,8,1,bf,
Checksum(0x0x7ffd2aba7680, 100) = 0xfffd4143
1603901218,1603901219,0.586788
sgx-encrypted,size,5,16,8,1,bf,
Checksum(0x0x7fff0128dae0, 100) = 0xfffd4143
1603901223,1603901224,0.076884
sgx-encrypted,size,5,8,8,1,bf,
Checksum(0x0x7fffb3a0c110, 100) = 0xfffd4143
1603901228,1603901228,0.009581
sgx-encrypted,block,5,32,32,1,bf,
Checksum(0x0x7ffea0b93100, 100) = 0xfffd4143
1603902576,1603902581,4.387483
sgx-encrypted,block,5,32,16,1,bf,
Checksum(0x0x7ffd1f7e41c0, 100) = 0xfffd4143
1603901242,1603901244,2.053677
sgx-encrypted,block,5,32,8,1,bf,
Checksum(0x0x7ffd733c0aa0, 100) = 0xfffd4143
1603901248,1603901249,0.587145
sgx-encrypted,threads,5,32,8,1,bf,
Checksum(0x0x7ffd1a6be910, 100) = 0xfffd4143
1603901254,1603901254,0.586627
sgx-encrypted,threads,5,32,8,2,bf,
Checksum(0x0x7ffe22fd7760, 100) = 0xfffd4143
1603901259,1603901259,0.266264
sgx-encrypted,threads,5,32,8,4,bf,
Checksum(0x0x7ffd0c11ced0, 100) = 0xfffd4143
1603901265,1603901265,0.177357
sgx-encrypted,threads,5,32,8,8,bf,
Checksum(0x0x7ffe6c929b70, 100) = 0xfffd4143
1603901270,1603901271,0.182304
sgx-encrypted,scheduler,5,32,8,1,bf,
Checksum(0x0x7ffe26687500, 100) = 0xfffd4143
1603901275,1603901276,0.589383
sgx-encrypted,scheduler,5,32,8,1,wf,
Checksum(0x0x7ffc50c12af0, 100) = 0xfffd4143
1603901280,1603901281,0.579468
sgx-encrypted,size,6,32,8,1,bf,
Checksum(0x0x7ffc96abb0f0, 100) = 0xfffd4143
1603901286,1603901286,0.590947
sgx-encrypted,size,6,16,8,1,bf,
Checksum(0x0x7fff271f7aa0, 100) = 0xfffd4143
1603901291,1603901291,0.078499
sgx-encrypted,size,6,8,8,1,bf,
Checksum(0x0x7ffdcb1d7130, 100) = 0xfffd4143
1603901296,1603901296,0.009704
sgx-encrypted,block,6,32,32,1,bf,
Checksum(0x0x7fffb8ff8430, 100) = 0xfffd4143
1603901300,1603901305,4.380433
sgx-encrypted,block,6,32,16,1,bf,
Checksum(0x0x7ffc220a6b50, 100) = 0xfffd4143
1603901309,1603901311,2.058622
sgx-encrypted,block,6,32,8,1,bf,
Checksum(0x0x7ffd7b82a0f0, 100) = 0xfffd4143
1603901316,1603901316,0.600651
sgx-encrypted,threads,6,32,8,1,bf,
Checksum(0x0x7ffe56b995a0, 100) = 0xfffd4143
1603901321,1603901322,0.586093
sgx-encrypted,threads,6,32,8,2,bf,
Checksum(0x0x7fff6452b4a0, 100) = 0xfffd4143
1603901326,1603901327,0.319749
sgx-encrypted,threads,6,32,8,4,bf,
Checksum(0x0x7fffb0823c80, 100) = 0xfffd4143
1603901332,1603901332,0.178659
sgx-encrypted,threads,6,32,8,8,bf,
Checksum(0x0x7ffd483eec70, 100) = 0xfffd4143
1603901338,1603901338,0.184188
sgx-encrypted,scheduler,6,32,8,1,bf,
Checksum(0x0x7ffe2c89f790, 100) = 0xfffd4143
1603901343,1603901343,0.477510
sgx-encrypted,scheduler,6,32,8,1,wf,
Checksum(0x0x7ffda37af630, 100) = 0xfffd4143
1603901348,1603901348,0.578806
sgx-encrypted,size,7,32,8,1,bf,
Checksum(0x0x7ffd692ecd10, 100) = 0xfffd4143
1603901353,1603901353,0.586714
sgx-encrypted,size,7,16,8,1,bf,
Checksum(0x0x7ffe0cc36770, 100) = 0xfffd4143
1603901358,1603901358,0.061746
sgx-encrypted,size,7,8,8,1,bf,
Checksum(0x0x7ffdcafa8920, 100) = 0xfffd4143
1603901363,1603901363,0.009642
sgx-encrypted,block,7,32,32,1,bf,
Checksum(0x0x7fff3212a600, 100) = 0xfffd4143
1603901367,1603901372,4.386014
sgx-encrypted,block,7,32,16,1,bf,
Checksum(0x0x7ffcd59b5f40, 100) = 0xfffd4143
1603901376,1603901378,2.053343
sgx-encrypted,block,7,32,8,1,bf,
Checksum(0x0x7fff5ab6dbc0, 100) = 0xfffd4143
1603901383,1603901384,0.588536
sgx-encrypted,threads,7,32,8,1,bf,
Checksum(0x0x7ffdc4ec5af0, 100) = 0xfffd4143
1603901388,1603901389,0.588092
sgx-encrypted,threads,7,32,8,2,bf,
Checksum(0x0x7ffd2828df50, 100) = 0xfffd4143
1603901393,1603901394,0.318626
sgx-encrypted,threads,7,32,8,4,bf,
Checksum(0x0x7fffc6a49fb0, 100) = 0xfffd4143
1603901399,1603901399,0.177569
sgx-encrypted,threads,7,32,8,8,bf,
Checksum(0x0x7fffa83dbdb0, 100) = 0xfffd4143
1603901405,1603901405,0.182261
sgx-encrypted,scheduler,7,32,8,1,bf,
Checksum(0x0x7ffc3ce0b180, 100) = 0xfffd4143
1603901410,1603901410,0.589136
sgx-encrypted,scheduler,7,32,8,1,wf,
Checksum(0x0x7ffef2271380, 100) = 0xfffd4143
1603901415,1603901416,0.581801
sgx-encrypted,size,8,32,8,1,bf,
Checksum(0x0x7ffc65aec130, 100) = 0xfffd4143
1603901420,1603901421,0.587847
sgx-encrypted,size,8,16,8,1,bf,
Checksum(0x0x7ffdd3f62df0, 100) = 0xfffd4143
1603901425,1603901426,0.076929
sgx-encrypted,size,8,8,8,1,bf,
Checksum(0x0x7ffc889ea460, 100) = 0xfffd4143
1603901430,1603901430,0.009784
sgx-encrypted,block,8,32,32,1,bf,
Checksum(0x0x7ffcbc3f3de0, 100) = 0xfffd4143
1603901435,1603901439,4.384100
sgx-encrypted,block,8,32,16,1,bf,
Checksum(0x0x7fff31ee07c0, 100) = 0xfffd4143
1603901444,1603901445,1.369214
sgx-encrypted,block,8,32,8,1,bf,
Checksum(0x0x7ffd8b3c8f30, 100) = 0xfffd4143
1603901450,1603901450,0.598917
sgx-encrypted,threads,8,32,8,1,bf,
Checksum(0x0x7fff265f3b50, 100) = 0xfffd4143
1603901455,1603901455,0.587578
sgx-encrypted,threads,8,32,8,2,bf,
Checksum(0x0x7fff17c6f210, 100) = 0xfffd4143
1603901460,1603901461,0.320996
sgx-encrypted,threads,8,32,8,4,bf,
Checksum(0x0x7ffea6516a40, 100) = 0xfffd4143
1603901466,1603901466,0.180227
sgx-encrypted,threads,8,32,8,8,bf,
Checksum(0x0x7ffd1a587d30, 100) = 0xfffd4143
1603901472,1603901472,0.182648
sgx-encrypted,scheduler,8,32,8,1,bf,
Checksum(0x0x7ffcfa945310, 100) = 0xfffd4143
1603901477,1603901477,0.595683
sgx-encrypted,scheduler,8,32,8,1,wf,
Checksum(0x0x7fff29c3f8f0, 100) = 0xfffd4143
1603901482,1603901482,0.580765
sgx-encrypted,size,9,32,8,1,bf,
Checksum(0x0x7fff30aa4170, 100) = 0xfffd4143
1603901487,1603901488,0.588309
sgx-encrypted,size,9,16,8,1,bf,
Checksum(0x0x7fff0c478440, 100) = 0xfffd4143
1603901492,1603901492,0.077217
sgx-encrypted,size,9,8,8,1,bf,
Checksum(0x0x7ffffb1dfc40, 100) = 0xfffd4143
1603901497,1603901497,0.009599
sgx-encrypted,block,9,32,32,1,bf,
Checksum(0x0x7fffaf19e270, 100) = 0xfffd4143
1603901502,1603901506,4.385249
sgx-encrypted,block,9,32,16,1,bf,
Checksum(0x0x7fffea440810, 100) = 0xfffd4143
1603901511,1603901512,1.372578
sgx-encrypted,block,9,32,8,1,bf,
Checksum(0x0x7ffca1236120, 100) = 0xfffd4143
1603901517,1603901517,0.586674
sgx-encrypted,threads,9,32,8,1,bf,
Checksum(0x0x7ffc156a06a0, 100) = 0xfffd4143
1603901522,1603901522,0.589826
sgx-encrypted,threads,9,32,8,2,bf,
Checksum(0x0x7fff1afce160, 100) = 0xfffd4143
1603901527,1603901527,0.320209
sgx-encrypted,threads,9,32,8,4,bf,
Checksum(0x0x7ffcdb126f90, 100) = 0xfffd4143
1603901533,1603901533,0.176089
sgx-encrypted,threads,9,32,8,8,bf,
Checksum(0x0x7ffda8350330, 100) = 0xfffd4143
1603901539,1603901539,0.183713
sgx-encrypted,scheduler,9,32,8,1,bf,
Checksum(0x0x7fffa69aeeb0, 100) = 0xfffd4143
1603901544,1603901544,0.586212
sgx-encrypted,scheduler,9,32,8,1,wf,
Checksum(0x0x7ffc182a70d0, 100) = 0xfffd4143
1603901549,1603901549,0.583518
sgx-encrypted,size,10,32,8,1,bf,
Checksum(0x0x7fff0d74aa50, 100) = 0xfffd4143
1603901554,1603901554,0.591105
sgx-encrypted,size,10,16,8,1,bf,
Checksum(0x0x7ffd9e703500, 100) = 0xfffd4143
1603901559,1603901559,0.078375
sgx-encrypted,size,10,8,8,1,bf,
Checksum(0x0x7ffe32c996e0, 100) = 0xfffd4143
1603901564,1603901564,0.007616
sgx-encrypted,block,10,32,32,1,bf,
Checksum(0x0x7ffd1ba1a550, 100) = 0xfffd4143
1603901568,1603901573,4.406291
sgx-encrypted,block,10,32,16,1,bf,
Checksum(0x0x7ffeebc8ac60, 100) = 0xfffd4143
1603901577,1603901579,2.056076
sgx-encrypted,block,10,32,8,1,bf,
Checksum(0x0x7ffe8610feb0, 100) = 0xfffd4143
1603901584,1603901585,0.587786
sgx-encrypted,threads,10,32,8,1,bf,
Checksum(0x0x7fff9c8f1410, 100) = 0xfffd4143
1603901589,1603901590,0.587495
sgx-encrypted,threads,10,32,8,2,bf,
Checksum(0x0x7ffc4d4a0730, 100) = 0xfffd4143
1603901595,1603901595,0.263353
sgx-encrypted,threads,10,32,8,4,bf,
Checksum(0x0x7ffdfbd2a430, 100) = 0xfffd4143
1603901600,1603901600,0.177740
sgx-encrypted,threads,10,32,8,8,bf,
Checksum(0x0x7ffd37d4ec00, 100) = 0xfffd4143
1603901606,1603901606,0.183377
sgx-encrypted,scheduler,10,32,8,1,bf,
Checksum(0x0x7ffcba246080, 100) = 0xfffd4143
1603901611,1603901612,0.586963
sgx-encrypted,scheduler,10,32,8,1,wf,
Checksum(0x0x7fffea3f6970, 100) = 0xfffd4143
1603901616,1603901617,0.584363
