sgx-encrypted,size,1,64,16,1,bf,
Checksum(0x0x7ffe69017fa0, 100) = 0xfffd4143
1604391967,1604392020,52.718089
sgx-encrypted,size,1,32,16,1,bf,
Checksum(0x0x7fff08d8b5a0, 100) = 0xfffd4143
1604392021,1604392048,26.436596
sgx-encrypted,size,1,16,16,1,bf,
Checksum(0x0x7ffc30a73cd0, 100) = 0xfffd4143
1604392049,1604392062,13.219587
sgx-encrypted,block,1,64,64,1,bf,
Checksum(0x0x7ffc0be77530, 100) = 0xfffd4143
1604392063,1604392116,52.867932
sgx-encrypted,block,1,64,32,1,bf,
Checksum(0x0x7ffff993b130, 100) = 0xfffd4143
1604392117,1604392170,52.842775
sgx-encrypted,block,1,64,16,1,bf,
Checksum(0x0x7fff08957ea0, 100) = 0xfffd4143
1604392171,1604392224,52.756856
sgx-encrypted,threads,1,64,16,1,bf,
Checksum(0x0x7ffdf1ed0740, 100) = 0xfffd4143
1604392225,1604392278,52.834595
sgx-encrypted,threads,1,64,16,2,bf,
Checksum(0x0x7fffcc59b400, 100) = 0xfffd4143
1604392279,1604392306,26.966190
sgx-encrypted,threads,1,64,16,4,bf,
Checksum(0x0x7ffec1cad5e0, 100) = 0xfffd4143
1604392307,1604392322,14.523792
sgx-encrypted,threads,1,64,16,8,bf,
Checksum(0x0x7ffe7de06090, 100) = 0xfffd4143
1604392323,1604392334,11.129000
sgx-encrypted,scheduler,1,64,16,1,bf,
Checksum(0x0x7ffec4b03450, 100) = 0xfffd4143
1604392336,1604392388,52.736429
sgx-encrypted,scheduler,1,64,16,1,wf,
Checksum(0x0x7fffe289c730, 100) = 0xfffd4143
1604392390,1604392442,52.761241
sgx-encrypted,size,2,64,16,1,bf,
Checksum(0x0x7ffc87ccf600, 100) = 0xfffd4143
1604392444,1604392496,52.758116
sgx-encrypted,size,2,32,16,1,bf,
Checksum(0x0x7fff88225c20, 100) = 0xfffd4143
1604392498,1604392524,26.388634
sgx-encrypted,size,2,16,16,1,bf,
Checksum(0x0x7ffca56f2af0, 100) = 0xfffd4143
1604392525,1604392538,13.228550
sgx-encrypted,block,2,64,64,1,bf,
Checksum(0x0x7ffdcfcbf730, 100) = 0xfffd4143
1604392540,1604392592,52.816551
sgx-encrypted,block,2,64,32,1,bf,
Checksum(0x0x7fff8832bbe0, 100) = 0xfffd4143
1604392594,1604392646,52.803965
sgx-encrypted,block,2,64,16,1,bf,
Checksum(0x0x7ffe674449e0, 100) = 0xfffd4143
1604392648,1604392700,52.809424
sgx-encrypted,threads,2,64,16,1,bf,
Checksum(0x0x7ffe46188160, 100) = 0xfffd4143
1604392702,1604392754,52.732958
sgx-encrypted,threads,2,64,16,2,bf,
Checksum(0x0x7fff593a8490, 100) = 0xfffd4143
1604392756,1604392783,26.937478
sgx-encrypted,threads,2,64,16,4,bf,
Checksum(0x0x7ffdac3a4db0, 100) = 0xfffd4143
1604392784,1604392798,13.991337
sgx-encrypted,threads,2,64,16,8,bf,
Checksum(0x0x7ffc3155e590, 100) = 0xfffd4143
1604392799,1604392809,9.474014
sgx-encrypted,scheduler,2,64,16,1,bf,
Checksum(0x0x7ffccacdb8e0, 100) = 0xfffd4143
1604392810,1604392863,52.725154
sgx-encrypted,scheduler,2,64,16,1,wf,
Checksum(0x0x7ffc77db3190, 100) = 0xfffd4143
1604392864,1604392917,52.765839
sgx-encrypted,size,3,64,16,1,bf,
Checksum(0x0x7ffd4aba5e40, 100) = 0xfffd4143
1604392918,1604392971,52.715197
sgx-encrypted,size,3,32,16,1,bf,
Checksum(0x0x7ffd84fd5b90, 100) = 0xfffd4143
1604392972,1604392998,26.415530
sgx-encrypted,size,3,16,16,1,bf,
Checksum(0x0x7ffe832e71d0, 100) = 0xfffd4143
1604392999,1604393013,13.211855
sgx-encrypted,block,3,64,64,1,bf,
Checksum(0x0x7fff86851d80, 100) = 0xfffd4143
1604393014,1604393067,52.800403
sgx-encrypted,block,3,64,32,1,bf,
Checksum(0x0x7ffe5e79e7c0, 100) = 0xfffd4143
1604393068,1604393121,52.767416
sgx-encrypted,block,3,64,16,1,bf,
Checksum(0x0x7ffe62d7ad00, 100) = 0xfffd4143
1604393122,1604393175,52.776276
sgx-encrypted,threads,3,64,16,1,bf,
Checksum(0x0x7fffee387f10, 100) = 0xfffd4143
1604393176,1604393229,52.763198
sgx-encrypted,threads,3,64,16,2,bf,
Checksum(0x0x7ffd434924c0, 100) = 0xfffd4143
1604393230,1604393257,26.942667
sgx-encrypted,threads,3,64,16,4,bf,
Checksum(0x0x7ffcb07f2b70, 100) = 0xfffd4143
1604393258,1604393272,13.984483
sgx-encrypted,threads,3,64,16,8,bf,
Checksum(0x0x7ffe2dc26870, 100) = 0xfffd4143
1604393273,1604393283,9.470093
sgx-encrypted,scheduler,3,64,16,1,bf,
Checksum(0x0x7ffea862cb30, 100) = 0xfffd4143
1604393284,1604393337,52.742971
sgx-encrypted,scheduler,3,64,16,1,wf,
Checksum(0x0x7fffab8db770, 100) = 0xfffd4143
1604393338,1604393391,52.762760
sgx-encrypted,size,4,64,16,1,bf,
Checksum(0x0x7ffee3e93a60, 100) = 0xfffd4143
1604393392,1604393445,52.756959
sgx-encrypted,size,4,32,16,1,bf,
Checksum(0x0x7ffe3ac77340, 100) = 0xfffd4143
1604393446,1604393472,26.400300
sgx-encrypted,size,4,16,16,1,bf,
Checksum(0x0x7fff9df95460, 100) = 0xfffd4143
1604393474,1604393487,13.210068
sgx-encrypted,block,4,64,64,1,bf,
Checksum(0x0x7ffcd3932ed0, 100) = 0xfffd4143
1604393488,1604393541,52.783911
sgx-encrypted,block,4,64,32,1,bf,
Checksum(0x0x7ffec4c7ddc0, 100) = 0xfffd4143
1604393542,1604393595,52.762379
sgx-encrypted,block,4,64,16,1,bf,
Checksum(0x0x7fff3450e9c0, 100) = 0xfffd4143
1604393596,1604393649,52.730640
sgx-encrypted,threads,4,64,16,1,bf,
Checksum(0x0x7ffcb23cf8a0, 100) = 0xfffd4143
1604393650,1604393703,52.744568
sgx-encrypted,threads,4,64,16,2,bf,
Checksum(0x0x7ffdf30d27b0, 100) = 0xfffd4143
1604393704,1604393731,26.946283
sgx-encrypted,threads,4,64,16,4,bf,
Checksum(0x0x7ffd91fc4520, 100) = 0xfffd4143
1604393732,1604393746,13.987089
sgx-encrypted,threads,4,64,16,8,bf,
Checksum(0x0x7ffe147497b0, 100) = 0xfffd4143
1604393747,1604393757,9.477214
sgx-encrypted,scheduler,4,64,16,1,bf,
Checksum(0x0x7ffdae8c3a60, 100) = 0xfffd4143
1604393758,1604393811,52.807624
sgx-encrypted,scheduler,4,64,16,1,wf,
Checksum(0x0x7fff7fcda6f0, 100) = 0xfffd4143
1604393812,1604393865,52.780912
sgx-encrypted,size,5,64,16,1,bf,
Checksum(0x0x7fff83be44d0, 100) = 0xfffd4143
1604393866,1604393919,52.824803
sgx-encrypted,size,5,32,16,1,bf,
Checksum(0x0x7ffefd018d10, 100) = 0xfffd4143
1604393920,1604393947,26.396918
sgx-encrypted,size,5,16,16,1,bf,
Checksum(0x0x7fff47d2c380, 100) = 0xfffd4143
1604393948,1604393961,13.208002
sgx-encrypted,block,5,64,64,1,bf,
Checksum(0x0x7ffe6fa9e120, 100) = 0xfffd4143
1604393962,1604394015,52.832731
sgx-encrypted,block,5,64,32,1,bf,
Checksum(0x0x7ffca554a760, 100) = 0xfffd4143
1604394016,1604394069,52.733847
sgx-encrypted,block,5,64,16,1,bf,
Checksum(0x0x7ffdb7dc5e90, 100) = 0xfffd4143
1604394070,1604394123,52.778301
sgx-encrypted,threads,5,64,16,1,bf,
Checksum(0x0x7fff79f5e7d0, 100) = 0xfffd4143
1604394124,1604394177,52.744936
sgx-encrypted,threads,5,64,16,2,bf,
Checksum(0x0x7ffd9a3eab30, 100) = 0xfffd4143
1604394178,1604394205,26.926809
sgx-encrypted,threads,5,64,16,4,bf,
Checksum(0x0x7ffd7a90af70, 100) = 0xfffd4143
1604394206,1604394220,13.994326
sgx-encrypted,threads,5,64,16,8,bf,
Checksum(0x0x7ffefaaae970, 100) = 0xfffd4143
1604394222,1604394231,9.468315
sgx-encrypted,scheduler,5,64,16,1,bf,
Checksum(0x0x7fff60d983e0, 100) = 0xfffd4143
1604394232,1604394285,52.769194
sgx-encrypted,scheduler,5,64,16,1,wf,
Checksum(0x0x7fff7884a1f0, 100) = 0xfffd4143
1604394286,1604394339,52.784684
sgx-encrypted,size,6,64,16,1,bf,
Checksum(0x0x7ffff76f9290, 100) = 0xfffd4143
1604394340,1604394393,52.776671
sgx-encrypted,size,6,32,16,1,bf,
Checksum(0x0x7ffe1935a790, 100) = 0xfffd4143
1604394394,1604394421,26.413413
sgx-encrypted,size,6,16,16,1,bf,
Checksum(0x0x7ffca91652f0, 100) = 0xfffd4143
1604394422,1604394435,13.234117
sgx-encrypted,block,6,64,64,1,bf,
Checksum(0x0x7ffc58c869c0, 100) = 0xfffd4143
1604394436,1604394489,52.834210
sgx-encrypted,block,6,64,32,1,bf,
Checksum(0x0x7ffff3ac7690, 100) = 0xfffd4143
1604394490,1604394543,52.797026
sgx-encrypted,block,6,64,16,1,bf,
Checksum(0x0x7ffd6c432720, 100) = 0xfffd4143
1604394544,1604394597,52.776166
sgx-encrypted,threads,6,64,16,1,bf,
Checksum(0x0x7ffc9f42df80, 100) = 0xfffd4143
1604394598,1604394651,52.736411
sgx-encrypted,threads,6,64,16,2,bf,
Checksum(0x0x7ffcbacca6c0, 100) = 0xfffd4143
1604394652,1604394679,26.936495
sgx-encrypted,threads,6,64,16,4,bf,
Checksum(0x0x7fffb3fb4c60, 100) = 0xfffd4143
1604394681,1604394695,13.995259
sgx-encrypted,threads,6,64,16,8,bf,
Checksum(0x0x7ffcb2b15880, 100) = 0xfffd4143
1604394696,1604394705,9.478718
sgx-encrypted,scheduler,6,64,16,1,bf,
Checksum(0x0x7ffc8bc8b1e0, 100) = 0xfffd4143
1604394707,1604394759,52.770574
sgx-encrypted,scheduler,6,64,16,1,wf,
Checksum(0x0x7ffc9b8481f0, 100) = 0xfffd4143
1604394761,1604394813,52.767251
sgx-encrypted,size,7,64,16,1,bf,
Checksum(0x0x7ffc91ccd250, 100) = 0xfffd4143
1604394815,1604394867,52.760471
sgx-encrypted,size,7,32,16,1,bf,
Checksum(0x0x7fffcda37630, 100) = 0xfffd4143
1604394869,1604394895,26.432214
sgx-encrypted,size,7,16,16,1,bf,
Checksum(0x0x7ffcd7943780, 100) = 0xfffd4143
1604394896,1604394909,13.234018
sgx-encrypted,block,7,64,64,1,bf,
Checksum(0x0x7ffcd85abdf0, 100) = 0xfffd4143
1604394911,1604394963,52.863056
sgx-encrypted,block,7,64,32,1,bf,
Checksum(0x0x7ffed058c600, 100) = 0xfffd4143
1604394965,1604395017,52.789140
sgx-encrypted,block,7,64,16,1,bf,
Checksum(0x0x7fff2dbe7a00, 100) = 0xfffd4143
1604395019,1604395071,52.758808
sgx-encrypted,threads,7,64,16,1,bf,
Checksum(0x0x7ffd766b6130, 100) = 0xfffd4143
1604395073,1604395125,52.739108
sgx-encrypted,threads,7,64,16,2,bf,
Checksum(0x0x7ffe90bb8f90, 100) = 0xfffd4143
1604395127,1604395154,26.937778
sgx-encrypted,threads,7,64,16,4,bf,
Checksum(0x0x7ffd65e66e30, 100) = 0xfffd4143
1604395155,1604395169,13.993457
sgx-encrypted,threads,7,64,16,8,bf,
Checksum(0x0x7ffc455a3250, 100) = 0xfffd4143
1604395170,1604395180,9.621302
sgx-encrypted,scheduler,7,64,16,1,bf,
Checksum(0x0x7fff56959840, 100) = 0xfffd4143
1604395181,1604395234,52.727002
sgx-encrypted,scheduler,7,64,16,1,wf,
Checksum(0x0x7ffffa75a5c0, 100) = 0xfffd4143
1604395235,1604395288,52.750471
sgx-encrypted,size,8,64,16,1,bf,
Checksum(0x0x7ffdd1f4e730, 100) = 0xfffd4143
1604395289,1604395342,52.817822
sgx-encrypted,size,8,32,16,1,bf,
Checksum(0x0x7fff99bd2aa0, 100) = 0xfffd4143
1604395343,1604395370,26.410583
sgx-encrypted,size,8,16,16,1,bf,
Checksum(0x0x7ffdb53e4b80, 100) = 0xfffd4143
1604395371,1604395384,13.204335
sgx-encrypted,block,8,64,64,1,bf,
Checksum(0x0x7ffd413890e0, 100) = 0xfffd4143
1604395385,1604395438,52.820489
sgx-encrypted,block,8,64,32,1,bf,
Checksum(0x0x7fff665a4570, 100) = 0xfffd4143
1604395439,1604395492,52.790204
sgx-encrypted,block,8,64,16,1,bf,
Checksum(0x0x7ffc4e3cd820, 100) = 0xfffd4143
1604395493,1604395546,52.776879
sgx-encrypted,threads,8,64,16,1,bf,
Checksum(0x0x7ffc88be8c60, 100) = 0xfffd4143
1604395547,1604395600,52.764100
sgx-encrypted,threads,8,64,16,2,bf,
Checksum(0x0x7ffd9ebb9480, 100) = 0xfffd4143
1604395601,1604395628,26.938696
sgx-encrypted,threads,8,64,16,4,bf,
Checksum(0x0x7ffe89df22a0, 100) = 0xfffd4143
1604395629,1604395643,13.984346
sgx-encrypted,threads,8,64,16,8,bf,
Checksum(0x0x7ffc1944cf70, 100) = 0xfffd4143
1604395645,1604395654,9.559112
sgx-encrypted,scheduler,8,64,16,1,bf,
Checksum(0x0x7fffbf977d00, 100) = 0xfffd4143
1604395655,1604395708,52.780868
sgx-encrypted,scheduler,8,64,16,1,wf,
Checksum(0x0x7ffe6d5ca840, 100) = 0xfffd4143
1604395709,1604395762,52.757774
sgx-encrypted,size,9,64,16,1,bf,
Checksum(0x0x7ffc544b8bd0, 100) = 0xfffd4143
1604395763,1604395816,52.776948
sgx-encrypted,size,9,32,16,1,bf,
Checksum(0x0x7fff02a82f40, 100) = 0xfffd4143
1604395817,1604395844,26.417979
sgx-encrypted,size,9,16,16,1,bf,
Checksum(0x0x7ffc509452a0, 100) = 0xfffd4143
1604395845,1604395858,13.263131
sgx-encrypted,block,9,64,64,1,bf,
Checksum(0x0x7fffea93eae0, 100) = 0xfffd4143
1604395859,1604395912,52.869288
sgx-encrypted,block,9,64,32,1,bf,
Checksum(0x0x7fff8ccd9ab0, 100) = 0xfffd4143
1604395913,1604395966,52.800278
sgx-encrypted,block,9,64,16,1,bf,
Checksum(0x0x7ffdba1c08a0, 100) = 0xfffd4143
1604395967,1604396020,52.823809
sgx-encrypted,threads,9,64,16,1,bf,
Checksum(0x0x7fff203139a0, 100) = 0xfffd4143
1604396022,1604396074,52.813963
sgx-encrypted,threads,9,64,16,2,bf,
Checksum(0x0x7fffa19a8b10, 100) = 0xfffd4143
1604396076,1604396103,26.939114
sgx-encrypted,threads,9,64,16,4,bf,
Checksum(0x0x7ffd1f2bbd20, 100) = 0xfffd4143
1604396104,1604396118,13.992431
sgx-encrypted,threads,9,64,16,8,bf,
Checksum(0x0x7fffab349840, 100) = 0xfffd4143
1604396119,1604396129,10.023704
sgx-encrypted,scheduler,9,64,16,1,bf,
Checksum(0x0x7ffc9f346950, 100) = 0xfffd4143
1604396130,1604396183,52.749894
sgx-encrypted,scheduler,9,64,16,1,wf,
Checksum(0x0x7fffc1ef8c70, 100) = 0xfffd4143
1604396184,1604396237,52.783233
sgx-encrypted,size,10,64,16,1,bf,
Checksum(0x0x7ffcd6427ee0, 100) = 0xfffd4143
1604396238,1604396291,52.768387
sgx-encrypted,size,10,32,16,1,bf,
Checksum(0x0x7ffd256ca770, 100) = 0xfffd4143
1604396292,1604396319,26.380575
sgx-encrypted,size,10,16,16,1,bf,
Checksum(0x0x7ffc9d759110, 100) = 0xfffd4143
1604396320,1604396333,13.224347
sgx-encrypted,block,10,64,64,1,bf,
Checksum(0x0x7ffd8711d990, 100) = 0xfffd4143
1604396334,1604396387,52.837018
sgx-encrypted,block,10,64,32,1,bf,
Checksum(0x0x7fff5d8c1690, 100) = 0xfffd4143
1604396388,1604396441,52.800602
sgx-encrypted,block,10,64,16,1,bf,
Checksum(0x0x7ffe4c7be580, 100) = 0xfffd4143
1604396442,1604396495,52.769654
sgx-encrypted,threads,10,64,16,1,bf,
Checksum(0x0x7fffd626e440, 100) = 0xfffd4143
1604396496,1604396549,52.755510
sgx-encrypted,threads,10,64,16,2,bf,
Checksum(0x0x7ffd3bcd9090, 100) = 0xfffd4143
1604396550,1604396577,26.930791
sgx-encrypted,threads,10,64,16,4,bf,
Checksum(0x0x7ffdd3685770, 100) = 0xfffd4143
1604396579,1604396593,13.993045
sgx-encrypted,threads,10,64,16,8,bf,
Checksum(0x0x7ffdfd09bb90, 100) = 0xfffd4143
1604396594,1604396603,9.469243
sgx-encrypted,scheduler,10,64,16,1,bf,
Checksum(0x0x7ffd14bac350, 100) = 0xfffd4143
1604396605,1604396657,52.762832
sgx-encrypted,scheduler,10,64,16,1,wf,
Checksum(0x0x7fff6a137d40, 100) = 0xfffd4143
1604396659,1604396711,52.718055
