sgx-encrypted,size,1,32,8,1,bf,
Checksum(0x0x7ffc7d9809d0, 100) = 0xfffd4143
1603893229,1603893230,0.763428
sgx-encrypted,size,1,16,8,1,bf,
Checksum(0x0x7ffd621c2c70, 100) = 0xfffd4143
1603893235,1603893235,0.099200
sgx-encrypted,size,1,8,8,1,bf,
Checksum(0x0x7ffd20a9ae40, 100) = 0xfffd4143
1603893239,1603893239,0.011394
sgx-encrypted,block,1,32,32,1,bf,
Checksum(0x0x7fff0264eca0, 100) = 0xfffd4143
1603893244,1603893249,4.768821
sgx-encrypted,block,1,32,16,1,bf,
Checksum(0x0x7ffd86d4eda0, 100) = 0xfffd4143
1603893253,1603893256,2.240639
sgx-encrypted,block,1,32,8,1,bf,
Checksum(0x0x7ffca1733a40, 100) = 0xfffd4143
1603893260,1603893261,0.764857
sgx-encrypted,threads,1,32,8,1,bf,
Checksum(0x0x7ffc2704cd00, 100) = 0xfffd4143
1603893266,1603893266,0.763926
sgx-encrypted,threads,1,32,8,2,bf,
Checksum(0x0x7ffd3ffa75d0, 100) = 0xfffd4143
1603893271,1603893272,1.044450
sgx-encrypted,threads,1,32,8,4,bf,
Checksum(0x0x7fff95ee6550, 100) = 0xfffd4143
1603893277,1603893279,1.676085
sgx-encrypted,threads,1,32,8,8,bf,
Checksum(0x0x7ffc78944d70, 100) = 0xfffd4143
1603893285,1603893288,3.105964
sgx-encrypted,scheduler,1,32,8,1,bf,
Checksum(0x0x7ffc29e53350, 100) = 0xfffd4143
1603893293,1603893293,0.760426
sgx-encrypted,scheduler,1,32,8,1,wf,
Checksum(0x0x7ffc32863260, 100) = 0xfffd4143
1603893298,1603893299,0.752723
sgx-encrypted,size,2,32,8,1,bf,
Checksum(0x0x7fffd91fd340, 100) = 0xfffd4143
1603893303,1603893304,0.770129
sgx-encrypted,size,2,16,8,1,bf,
Checksum(0x0x7ffe1a2cab00, 100) = 0xfffd4143
1603893309,1603893309,0.099186
sgx-encrypted,size,2,8,8,1,bf,
Checksum(0x0x7ffd9447e750, 100) = 0xfffd4143
1603893313,1603893313,0.009465
sgx-encrypted,block,2,32,32,1,bf,
Checksum(0x0x7ffc285aeb80, 100) = 0xfffd4143
1603893318,1603893323,4.775436
sgx-encrypted,block,2,32,16,1,bf,
Checksum(0x0x7ffc428d0420, 100) = 0xfffd4143
1603893327,1603893330,2.238153
sgx-encrypted,block,2,32,8,1,bf,
Checksum(0x0x7ffcaf17f2d0, 100) = 0xfffd4143
1603893334,1603893335,0.766952
sgx-encrypted,threads,2,32,8,1,bf,
Checksum(0x0x7fff539a6990, 100) = 0xfffd4143
1603893340,1603893340,0.767364
sgx-encrypted,threads,2,32,8,2,bf,
Checksum(0x0x7fffc99e13e0, 100) = 0xfffd4143
1603893345,1603893346,1.057534
sgx-encrypted,threads,2,32,8,4,bf,
Checksum(0x0x7ffe7b90db40, 100) = 0xfffd4143
1603893352,1603893353,1.675937
sgx-encrypted,threads,2,32,8,8,bf,
Checksum(0x0x7fffd45dfd30, 100) = 0xfffd4143
1603893359,1603893362,3.115482
sgx-encrypted,scheduler,2,32,8,1,bf,
Checksum(0x0x7ffd74b26740, 100) = 0xfffd4143
1603893367,1603893368,0.653360
sgx-encrypted,scheduler,2,32,8,1,wf,
Checksum(0x0x7ffee875e060, 100) = 0xfffd4143
1603893372,1603893373,0.754706
sgx-encrypted,size,3,32,8,1,bf,
Checksum(0x0x7ffefc3d32f0, 100) = 0xfffd4143
1603893378,1603893378,0.762177
sgx-encrypted,size,3,16,8,1,bf,
Checksum(0x0x7fff492f1ed0, 100) = 0xfffd4143
1603893383,1603893383,0.099426
sgx-encrypted,size,3,8,8,1,bf,
Checksum(0x0x7ffdc00584b0, 100) = 0xfffd4143
1603893388,1603893388,0.011538
sgx-encrypted,block,3,32,32,1,bf,
Checksum(0x0x7fff4963efe0, 100) = 0xfffd4143
1603893392,1603893397,4.762781
sgx-encrypted,block,3,32,16,1,bf,
Checksum(0x0x7ffd6e8cd780, 100) = 0xfffd4143
1603893402,1603893403,1.538976
sgx-encrypted,block,3,32,8,1,bf,
Checksum(0x0x7ffda7373530, 100) = 0xfffd4143
1603893408,1603893408,0.777390
sgx-encrypted,threads,3,32,8,1,bf,
Checksum(0x0x7ffe6b3ba200, 100) = 0xfffd4143
1603893413,1603893414,0.760175
sgx-encrypted,threads,3,32,8,2,bf,
Checksum(0x0x7fff7a244100, 100) = 0xfffd4143
1603893419,1603893420,1.053802
sgx-encrypted,threads,3,32,8,4,bf,
Checksum(0x0x7fff85d728c0, 100) = 0xfffd4143
1603893425,1603893427,1.670044
sgx-encrypted,threads,3,32,8,8,bf,
Checksum(0x0x7ffe994fd030, 100) = 0xfffd4143
1603893432,1603893435,3.105012
sgx-encrypted,scheduler,3,32,8,1,bf,
Checksum(0x0x7ffe71249760, 100) = 0xfffd4143
1603893440,1603893441,0.645685
sgx-encrypted,scheduler,3,32,8,1,wf,
Checksum(0x0x7fff323119c0, 100) = 0xfffd4143
1603893445,1603893446,0.755805
sgx-encrypted,size,4,32,8,1,bf,
Checksum(0x0x7ffd24bea1d0, 100) = 0xfffd4143
1603893451,1603893451,0.768856
