sgx,size,1,64,16,1,bf,
Checksum(0x0x7ffd89f98c10, 100) = 0xfffd4143
1604389925,1604389938,12.804533
sgx,size,1,32,16,1,bf,
Checksum(0x0x7ffccbc2be20, 100) = 0xfffd4143
1604389939,1604389946,6.410435
sgx,size,1,16,16,1,bf,
Checksum(0x0x7ffde625fc00, 100) = 0xfffd4143
1604389947,1604389950,3.213949
sgx,block,1,64,64,1,bf,
Checksum(0x0x7fffd3bfc5e0, 100) = 0xfffd4143
1604389951,1604389964,12.837449
sgx,block,1,64,32,1,bf,
Checksum(0x0x7ffeae890490, 100) = 0xfffd4143
1604389965,1604389978,12.808604
sgx,block,1,64,16,1,bf,
Checksum(0x0x7ffe928b7de0, 100) = 0xfffd4143
1604389979,1604389992,12.812534
sgx,threads,1,64,16,1,bf,
Checksum(0x0x7ffee13e3840, 100) = 0xfffd4143
1604389993,1604390006,12.804058
sgx,threads,1,64,16,2,bf,
Checksum(0x0x7ffd8c9c8100, 100) = 0xfffd4143
1604390007,1604390014,6.557592
sgx,threads,1,64,16,4,bf,
Checksum(0x0x7fff1cf3c370, 100) = 0xfffd4143
1604390015,1604390019,3.472638
sgx,threads,1,64,16,8,bf,
Checksum(0x0x7fff69e72100, 100) = 0xfffd4143
1604390020,1604390023,2.944094
sgx,scheduler,1,64,16,1,bf,
Checksum(0x0x7ffe0edd3f20, 100) = 0xfffd4143
1604390024,1604390037,12.789211
sgx,scheduler,1,64,16,1,wf,
Checksum(0x0x7ffe4c646fa0, 100) = 0xfffd4143
1604390038,1604390051,12.795619
sgx,size,2,64,16,1,bf,
Checksum(0x0x7ffe77e3eae0, 100) = 0xfffd4143
1604390052,1604390065,12.808356
sgx,size,2,32,16,1,bf,
Checksum(0x0x7fff676aaa70, 100) = 0xfffd4143
1604390066,1604390073,6.409064
sgx,size,2,16,16,1,bf,
Checksum(0x0x7ffc6be2bdd0, 100) = 0xfffd4143
1604390074,1604390077,3.210723
sgx,block,2,64,64,1,bf,
Checksum(0x0x7fff7f8e28b0, 100) = 0xfffd4143
1604390078,1604390091,12.829459
sgx,block,2,64,32,1,bf,
Checksum(0x0x7ffda260d5e0, 100) = 0xfffd4143
1604390092,1604390105,12.813013
sgx,block,2,64,16,1,bf,
Checksum(0x0x7ffcfee612c0, 100) = 0xfffd4143
1604390107,1604390119,12.793530
sgx,threads,2,64,16,1,bf,
Checksum(0x0x7ffd3ed6dcd0, 100) = 0xfffd4143
1604390121,1604390133,12.821857
sgx,threads,2,64,16,2,bf,
Checksum(0x0x7ffcd810ae90, 100) = 0xfffd4143
1604390135,1604390141,6.556922
sgx,threads,2,64,16,4,bf,
Checksum(0x0x7ffd78ce6820, 100) = 0xfffd4143
1604390143,1604390146,3.471271
sgx,threads,2,64,16,8,bf,
Checksum(0x0x7ffd13bba510, 100) = 0xfffd4143
1604390147,1604390150,2.949818
sgx,scheduler,2,64,16,1,bf,
Checksum(0x0x7fff759ffee0, 100) = 0xfffd4143
1604390152,1604390164,12.794565
sgx,scheduler,2,64,16,1,wf,
Checksum(0x0x7ffe7a4aa010, 100) = 0xfffd4143
1604390166,1604390178,12.815944
sgx,size,3,64,16,1,bf,
Checksum(0x0x7ffe4e9cb370, 100) = 0xfffd4143
1604390180,1604390193,12.798120
sgx,size,3,32,16,1,bf,
Checksum(0x0x7ffc9a076450, 100) = 0xfffd4143
1604390194,1604390200,6.413647
sgx,size,3,16,16,1,bf,
Checksum(0x0x7ffde53d8610, 100) = 0xfffd4143
1604390201,1604390205,3.213756
sgx,block,3,64,64,1,bf,
Checksum(0x0x7ffc5f89ace0, 100) = 0xfffd4143
1604390206,1604390218,12.840057
sgx,block,3,64,32,1,bf,
Checksum(0x0x7ffdf3573510, 100) = 0xfffd4143
1604390220,1604390233,12.808878
sgx,block,3,64,16,1,bf,
Checksum(0x0x7fff0b4dc0b0, 100) = 0xfffd4143
1604390234,1604390247,12.802057
sgx,threads,3,64,16,1,bf,
Checksum(0x0x7fff7ad62f60, 100) = 0xfffd4143
1604390248,1604390261,12.796345
sgx,threads,3,64,16,2,bf,
Checksum(0x0x7fff9c0aead0, 100) = 0xfffd4143
1604390262,1604390269,6.556308
sgx,threads,3,64,16,4,bf,
Checksum(0x0x7ffd83dec230, 100) = 0xfffd4143
1604390270,1604390273,3.470493
sgx,threads,3,64,16,8,bf,
Checksum(0x0x7ffcdf44e740, 100) = 0xfffd4143
1604390275,1604390278,2.941160
sgx,scheduler,3,64,16,1,bf,
Checksum(0x0x7ffe8becd080, 100) = 0xfffd4143
1604390279,1604390292,12.811684
sgx,scheduler,3,64,16,1,wf,
Checksum(0x0x7fffad4f1370, 100) = 0xfffd4143
1604390293,1604390306,12.790479
sgx,size,4,64,16,1,bf,
Checksum(0x0x7ffeaab16460, 100) = 0xfffd4143
1604390307,1604390320,12.807555
sgx,size,4,32,16,1,bf,
Checksum(0x0x7ffd29b5aa30, 100) = 0xfffd4143
1604390321,1604390328,6.413121
sgx,size,4,16,16,1,bf,
Checksum(0x0x7fffbe2bf960, 100) = 0xfffd4143
1604390329,1604390332,3.210551
sgx,block,4,64,64,1,bf,
Checksum(0x0x7ffe7dd195f0, 100) = 0xfffd4143
1604390333,1604390346,12.838101
sgx,block,4,64,32,1,bf,
Checksum(0x0x7ffee5e7d1e0, 100) = 0xfffd4143
1604390347,1604390360,12.840678
sgx,block,4,64,16,1,bf,
Checksum(0x0x7ffe4d4988c0, 100) = 0xfffd4143
1604390361,1604390374,12.832678
sgx,threads,4,64,16,1,bf,
Checksum(0x0x7fffe32156f0, 100) = 0xfffd4143
1604390375,1604390388,12.824975
sgx,threads,4,64,16,2,bf,
Checksum(0x0x7ffe20780b70, 100) = 0xfffd4143
1604390389,1604390396,6.561164
sgx,threads,4,64,16,4,bf,
Checksum(0x0x7ffe29a828d0, 100) = 0xfffd4143
1604390397,1604390401,3.473287
sgx,threads,4,64,16,8,bf,
Checksum(0x0x7ffe84429020, 100) = 0xfffd4143
1604390402,1604390405,2.943871
sgx,scheduler,4,64,16,1,bf,
Checksum(0x0x7fffb4876660, 100) = 0xfffd4143
1604390406,1604390419,12.843119
sgx,scheduler,4,64,16,1,wf,
Checksum(0x0x7fffa254f230, 100) = 0xfffd4143
1604390420,1604390433,12.833370
sgx,size,5,64,16,1,bf,
Checksum(0x0x7fffadaec8d0, 100) = 0xfffd4143
1604390434,1604390447,12.822504
sgx,size,5,32,16,1,bf,
Checksum(0x0x7ffee67aa580, 100) = 0xfffd4143
1604390449,1604390455,6.418813
sgx,size,5,16,16,1,bf,
Checksum(0x0x7ffee2919ac0, 100) = 0xfffd4143
1604390456,1604390459,3.220351
sgx,block,5,64,64,1,bf,
Checksum(0x0x7fff194336c0, 100) = 0xfffd4143
1604390460,1604390473,12.867459
sgx,block,5,64,32,1,bf,
Checksum(0x0x7fff40beacb0, 100) = 0xfffd4143
1604390475,1604390487,12.841628
sgx,block,5,64,16,1,bf,
Checksum(0x0x7ffc37b2d4c0, 100) = 0xfffd4143
1604390489,1604390502,12.822646
sgx,threads,5,64,16,1,bf,
Checksum(0x0x7ffe59f3ee70, 100) = 0xfffd4143
1604390503,1604390516,12.832086
sgx,threads,5,64,16,2,bf,
Checksum(0x0x7fff8dd39340, 100) = 0xfffd4143
1604390517,1604390523,6.565779
sgx,threads,5,64,16,4,bf,
Checksum(0x0x7ffff18c5110, 100) = 0xfffd4143
1604390525,1604390528,3.471557
sgx,threads,5,64,16,8,bf,
Checksum(0x0x7fff7c13cb70, 100) = 0xfffd4143
1604390530,1604390533,2.980737
sgx,scheduler,5,64,16,1,bf,
Checksum(0x0x7ffd04c60150, 100) = 0xfffd4143
1604390534,1604390547,12.829829
sgx,scheduler,5,64,16,1,wf,
Checksum(0x0x7ffc5cbaf420, 100) = 0xfffd4143
1604390548,1604390561,12.814589
sgx,size,6,64,16,1,bf,
Checksum(0x0x7ffc50177310, 100) = 0xfffd4143
1604390562,1604390575,12.818319
sgx,size,6,32,16,1,bf,
Checksum(0x0x7ffdfe1825f0, 100) = 0xfffd4143
1604390576,1604390583,6.414373
sgx,size,6,16,16,1,bf,
Checksum(0x0x7ffdff8ec8c0, 100) = 0xfffd4143
1604390584,1604390587,3.212499
sgx,block,6,64,64,1,bf,
Checksum(0x0x7ffd371149b0, 100) = 0xfffd4143
1604390588,1604390601,12.852878
sgx,block,6,64,32,1,bf,
Checksum(0x0x7ffcf3a111b0, 100) = 0xfffd4143
1604390602,1604390615,12.849417
sgx,block,6,64,16,1,bf,
Checksum(0x0x7ffe9b6b2db0, 100) = 0xfffd4143
1604390616,1604390629,12.821517
sgx,threads,6,64,16,1,bf,
Checksum(0x0x7ffdab82cfa0, 100) = 0xfffd4143
1604390630,1604390643,12.809665
sgx,threads,6,64,16,2,bf,
Checksum(0x0x7ffd434dcbf0, 100) = 0xfffd4143
1604390644,1604390651,6.557904
sgx,threads,6,64,16,4,bf,
Checksum(0x0x7fff08da5e00, 100) = 0xfffd4143
1604390652,1604390656,3.473963
sgx,threads,6,64,16,8,bf,
Checksum(0x0x7ffdfac59af0, 100) = 0xfffd4143
1604390657,1604390660,2.947081
sgx,scheduler,6,64,16,1,bf,
Checksum(0x0x7ffd1f3f5c20, 100) = 0xfffd4143
1604390661,1604390674,12.835227
sgx,scheduler,6,64,16,1,wf,
Checksum(0x0x7ffce1ebea80, 100) = 0xfffd4143
1604390675,1604390688,12.805356
sgx,size,7,64,16,1,bf,
Checksum(0x0x7fffc9aae830, 100) = 0xfffd4143
1604390689,1604390702,12.805799
sgx,size,7,32,16,1,bf,
Checksum(0x0x7ffdaeef18b0, 100) = 0xfffd4143
1604390704,1604390710,6.414085
sgx,size,7,16,16,1,bf,
Checksum(0x0x7ffeb7b5c410, 100) = 0xfffd4143
1604390711,1604390714,3.213927
sgx,block,7,64,64,1,bf,
Checksum(0x0x7ffe7e561190, 100) = 0xfffd4143
1604390715,1604390728,12.855157
sgx,block,7,64,32,1,bf,
Checksum(0x0x7ffdfdc791e0, 100) = 0xfffd4143
1604390730,1604390742,12.818480
sgx,block,7,64,16,1,bf,
Checksum(0x0x7ffc40f28140, 100) = 0xfffd4143
1604390744,1604390756,12.806378
sgx,threads,7,64,16,1,bf,
Checksum(0x0x7fff59589890, 100) = 0xfffd4143
1604390758,1604390771,12.834497
sgx,threads,7,64,16,2,bf,
Checksum(0x0x7fffa147d860, 100) = 0xfffd4143
1604390772,1604390778,6.555844
sgx,threads,7,64,16,4,bf,
Checksum(0x0x7ffe11908fb0, 100) = 0xfffd4143
1604390780,1604390783,3.473615
sgx,threads,7,64,16,8,bf,
Checksum(0x0x7ffcb86e8740, 100) = 0xfffd4143
1604390784,1604390787,2.976682
sgx,scheduler,7,64,16,1,bf,
Checksum(0x0x7ffff9a2fd30, 100) = 0xfffd4143
1604390789,1604390802,12.825674
sgx,scheduler,7,64,16,1,wf,
Checksum(0x0x7ffd435357e0, 100) = 0xfffd4143
1604390803,1604390816,12.808135
sgx,size,8,64,16,1,bf,
Checksum(0x0x7ffdba1d34c0, 100) = 0xfffd4143
1604390817,1604390830,12.809604
sgx,size,8,32,16,1,bf,
Checksum(0x0x7fff1066d680, 100) = 0xfffd4143
1604390831,1604390837,6.435816
sgx,size,8,16,16,1,bf,
Checksum(0x0x7ffdc54f93f0, 100) = 0xfffd4143
1604390839,1604390842,3.215758
sgx,block,8,64,64,1,bf,
Checksum(0x0x7fff5fb8e100, 100) = 0xfffd4143
1604390843,1604390856,12.848771
sgx,block,8,64,32,1,bf,
Checksum(0x0x7fff5ced0800, 100) = 0xfffd4143
1604390857,1604390870,12.819690
sgx,block,8,64,16,1,bf,
Checksum(0x0x7fff25721df0, 100) = 0xfffd4143
1604390871,1604390884,12.804737
sgx,threads,8,64,16,1,bf,
Checksum(0x0x7ffd622f1fd0, 100) = 0xfffd4143
1604390885,1604390898,12.810621
sgx,threads,8,64,16,2,bf,
Checksum(0x0x7ffe48252cd0, 100) = 0xfffd4143
1604390899,1604390906,6.561804
sgx,threads,8,64,16,4,bf,
Checksum(0x0x7ffead6776d0, 100) = 0xfffd4143
1604390907,1604390911,3.472947
sgx,threads,8,64,16,8,bf,
Checksum(0x0x7ffd2df8afe0, 100) = 0xfffd4143
1604390912,1604390915,2.943557
sgx,scheduler,8,64,16,1,bf,
Checksum(0x0x7fffdd671b90, 100) = 0xfffd4143
1604390916,1604390929,12.827766
sgx,scheduler,8,64,16,1,wf,
Checksum(0x0x7fffd52374e0, 100) = 0xfffd4143
1604390930,1604390943,12.800788
sgx,size,9,64,16,1,bf,
Checksum(0x0x7ffe06d0a420, 100) = 0xfffd4143
1604390944,1604390957,12.822294
sgx,size,9,32,16,1,bf,
Checksum(0x0x7fff5427ba10, 100) = 0xfffd4143
1604390958,1604390965,6.407563
sgx,size,9,16,16,1,bf,
Checksum(0x0x7fff6104c4b0, 100) = 0xfffd4143
1604390966,1604390969,3.222390
sgx,block,9,64,64,1,bf,
Checksum(0x0x7ffe17a9f120, 100) = 0xfffd4143
1604390970,1604390983,12.839630
sgx,block,9,64,32,1,bf,
Checksum(0x0x7ffde78f8720, 100) = 0xfffd4143
1604390984,1604390997,12.812230
sgx,block,9,64,16,1,bf,
Checksum(0x0x7fff805e5460, 100) = 0xfffd4143
1604390998,1604391011,12.787909
sgx,threads,9,64,16,1,bf,
Checksum(0x0x7fffed06e200, 100) = 0xfffd4143
1604391013,1604391025,12.794346
sgx,threads,9,64,16,2,bf,
Checksum(0x0x7ffce77602b0, 100) = 0xfffd4143
1604391027,1604391033,6.553004
sgx,threads,9,64,16,4,bf,
Checksum(0x0x7ffeeb4191a0, 100) = 0xfffd4143
1604391034,1604391038,3.470855
sgx,threads,9,64,16,8,bf,
Checksum(0x0x7ffcfd45e800, 100) = 0xfffd4143
1604391039,1604391042,2.944406
sgx,scheduler,9,64,16,1,bf,
Checksum(0x0x7fff89fe17f0, 100) = 0xfffd4143
1604391043,1604391056,12.800412
sgx,scheduler,9,64,16,1,wf,
Checksum(0x0x7ffc803a2420, 100) = 0xfffd4143
1604391058,1604391070,12.809270
sgx,size,10,64,16,1,bf,
Checksum(0x0x7ffc6e1e6280, 100) = 0xfffd4143
1604391072,1604391084,12.792739
sgx,size,10,32,16,1,bf,
Checksum(0x0x7ffd5c10fb10, 100) = 0xfffd4143
1604391086,1604391092,6.424211
sgx,size,10,16,16,1,bf,
Checksum(0x0x7ffc3d406240, 100) = 0xfffd4143
1604391093,1604391096,3.214008
sgx,block,10,64,64,1,bf,
Checksum(0x0x7ffeb865f820, 100) = 0xfffd4143
1604391098,1604391110,12.830832
sgx,block,10,64,32,1,bf,
Checksum(0x0x7ffe16ea0d50, 100) = 0xfffd4143
1604391112,1604391124,12.808813
sgx,block,10,64,16,1,bf,
Checksum(0x0x7ffebdecbf70, 100) = 0xfffd4143
1604391126,1604391139,12.798281
sgx,threads,10,64,16,1,bf,
Checksum(0x0x7fffd5b0ad60, 100) = 0xfffd4143
1604391140,1604391153,12.821372
sgx,threads,10,64,16,2,bf,
Checksum(0x0x7ffc55e8f9c0, 100) = 0xfffd4143
1604391154,1604391160,6.554894
sgx,threads,10,64,16,4,bf,
Checksum(0x0x7ffd321421f0, 100) = 0xfffd4143
1604391162,1604391165,3.469859
sgx,threads,10,64,16,8,bf,
Checksum(0x0x7ffe54888f20, 100) = 0xfffd4143
1604391167,1604391169,2.944637
sgx,scheduler,10,64,16,1,bf,
Checksum(0x0x7fff14be35d0, 100) = 0xfffd4143
1604391171,1604391184,12.787250
sgx,scheduler,10,64,16,1,wf,
Checksum(0x0x7fff35e3c270, 100) = 0xfffd4143
1604391185,1604391198,12.801576
