sgx,size,1,100000,100000,1,bf,
Checksum(0x0x7ffc549a1570, 100) = 0xfffd4143
1603970774,1603970775,0.292111
sgx,size,1,200000,100000,1,bf,
Checksum(0x0x7ffe1715bd70, 100) = 0xfffd4143
1603970788,1603970788,0.583598
sgx,size,1,400000,100000,1,bf,
Checksum(0x0x7ffecdf21b20, 100) = 0xfffd4143
1603970808,1603970809,1.169187
sgx,block,1,400000,100000,1,bf,
Checksum(0x0x7ffe68c84600, 100) = 0xfffd4143
1603970829,1603970830,1.169319
sgx,block,1,400000,200000,1,bf,
Checksum(0x0x7ffd63baf5e0, 100) = 0xfffd4143
1603970850,1603970851,1.168964
sgx,block,1,400000,400000,1,bf,
Checksum(0x0x7ffe74c124c0, 100) = 0xfffd4143
1603970871,1603970872,1.168719
sgx,threads,1,400000,100000,1,bf,
Checksum(0x0x7ffefaac8330, 100) = 0xfffd4143
1603970892,1603970893,1.169449
sgx,threads,1,400000,100000,2,bf,
Checksum(0x0x7ffd2fbcaee0, 100) = 0xfffd4143
1603970913,1603970914,0.920955
sgx,threads,1,400000,100000,4,bf,
Checksum(0x0x7ffc58430420, 100) = 0xfffd4143
1603970937,1603970938,1.128448
sgx,threads,1,400000,100000,8,bf,
Checksum(0x0x7fff3b902220, 100) = 0xfffd4143
1603970962,1603970963,1.234961
sgx,scheduler,1,400000,100000,1,bf,
Checksum(0x0x7ffe32093630, 100) = 0xfffd4143
1603970983,1603970984,1.169654
sgx,scheduler,1,400000,100000,1,wf,
Checksum(0x0x7ffdf4e39700, 100) = 0xfffd4143
1603971004,1603971005,1.171724
sgx,size,2,100000,100000,1,bf,
Checksum(0x0x7ffc9c23bf50, 100) = 0xfffd4143
1603971015,1603971015,0.292691
sgx,size,2,200000,100000,1,bf,
Checksum(0x0x7fff1e5bc980, 100) = 0xfffd4143
1603971028,1603971029,0.583337
sgx,size,2,400000,100000,1,bf,
Checksum(0x0x7fff08d0f8f0, 100) = 0xfffd4143
1603971048,1603971050,1.168363
sgx,block,2,400000,100000,1,bf,
Checksum(0x0x7ffe3cdad100, 100) = 0xfffd4143
1603971069,1603971070,1.172487
sgx,block,2,400000,200000,1,bf,
Checksum(0x0x7ffe1ed91a40, 100) = 0xfffd4143
1603971090,1603971091,1.167168
sgx,block,2,400000,400000,1,bf,
Checksum(0x0x7ffe198b41c0, 100) = 0xfffd4143
1603971111,1603971112,1.168029
sgx,threads,2,400000,100000,1,bf,
Checksum(0x0x7ffe23b17dd0, 100) = 0xfffd4143
1603971132,1603971133,1.168283
sgx,threads,2,400000,100000,2,bf,
Checksum(0x0x7ffd588499f0, 100) = 0xfffd4143
1603971154,1603971154,0.842953
sgx,threads,2,400000,100000,4,bf,
Checksum(0x0x7ffc523e3cf0, 100) = 0xfffd4143
1603971176,1603971177,1.126952
sgx,threads,2,400000,100000,8,bf,
Checksum(0x0x7ffc30b8aa60, 100) = 0xfffd4143
1603971200,1603971201,1.076666
sgx,scheduler,2,400000,100000,1,bf,
Checksum(0x0x7fff9e5551b0, 100) = 0xfffd4143
1603971221,1603971222,1.172183
sgx,scheduler,2,400000,100000,1,wf,
Checksum(0x0x7ffcdd834640, 100) = 0xfffd4143
1603971242,1603971243,1.167297
sgx,size,3,100000,100000,1,bf,
Checksum(0x0x7ffc0d26b8a0, 100) = 0xfffd4143
1603971253,1603971253,0.291549
sgx,size,3,200000,100000,1,bf,
Checksum(0x0x7ffcd58ddd90, 100) = 0xfffd4143
1603971267,1603971267,0.583493
sgx,size,3,400000,100000,1,bf,
Checksum(0x0x7ffdc33c4130, 100) = 0xfffd4143
1603971287,1603971288,1.168684
sgx,block,3,400000,100000,1,bf,
Checksum(0x0x7ffc56908ad0, 100) = 0xfffd4143
1603971308,1603971309,1.168211
sgx,block,3,400000,200000,1,bf,
Checksum(0x0x7ffef8f4cba0, 100) = 0xfffd4143
1603971329,1603971330,1.166376
sgx,block,3,400000,400000,1,bf,
Checksum(0x0x7fff0ddd5d70, 100) = 0xfffd4143
1603971350,1603971351,1.167802
sgx,threads,3,400000,100000,1,bf,
Checksum(0x0x7ffd3e1ce590, 100) = 0xfffd4143
1603971371,1603971372,1.167256
sgx,threads,3,400000,100000,2,bf,
Checksum(0x0x7fff0707f7d0, 100) = 0xfffd4143
1603971392,1603971393,0.898212
sgx,threads,3,400000,100000,4,bf,
Checksum(0x0x7ffffba9cc40, 100) = 0xfffd4143
1603971414,1603971416,1.278944
sgx,threads,3,400000,100000,8,bf,
Checksum(0x0x7ffc00bfd8c0, 100) = 0xfffd4143
1603971439,1603971441,1.437437
sgx,scheduler,3,400000,100000,1,bf,
Checksum(0x0x7ffc232608c0, 100) = 0xfffd4143
1603971460,1603971462,1.168779
sgx,scheduler,3,400000,100000,1,wf,
Checksum(0x0x7fff84fc5a70, 100) = 0xfffd4143
1603971481,1603971482,1.171217
sgx,size,4,100000,100000,1,bf,
Checksum(0x0x7ffc09d7abc0, 100) = 0xfffd4143
1603971492,1603971493,0.292072
sgx,size,4,200000,100000,1,bf,
Checksum(0x0x7fff016ae4f0, 100) = 0xfffd4143
1603971506,1603971506,0.583523
sgx,size,4,400000,100000,1,bf,
Checksum(0x0x7ffd7914fc60, 100) = 0xfffd4143
1603971526,1603971527,1.177613
sgx,block,4,400000,100000,1,bf,
Checksum(0x0x7ffc96ed9500, 100) = 0xfffd4143
1603971547,1603971548,1.169237
sgx,block,4,400000,200000,1,bf,
Checksum(0x0x7ffc73c0f530, 100) = 0xfffd4143
1603971568,1603971569,1.167007
sgx,block,4,400000,400000,1,bf,
Checksum(0x0x7ffdfff4d210, 100) = 0xfffd4143
1603971589,1603971590,1.176067
sgx,threads,4,400000,100000,1,bf,
Checksum(0x0x7ffd11d3ca60, 100) = 0xfffd4143
1603971610,1603971611,1.169833
sgx,threads,4,400000,100000,2,bf,
Checksum(0x0x7ffe65c11800, 100) = 0xfffd4143
1603971631,1603971632,0.900210
sgx,threads,4,400000,100000,4,bf,
Checksum(0x0x7fff682ab130, 100) = 0xfffd4143
1603971653,1603971655,1.282902
sgx,threads,4,400000,100000,8,bf,
Checksum(0x0x7ffe90d5bfe0, 100) = 0xfffd4143
1603971678,1603971679,1.004636
sgx,scheduler,4,400000,100000,1,bf,
Checksum(0x0x7fffcb7b5b20, 100) = 0xfffd4143
1603971699,1603971700,1.173684
sgx,scheduler,4,400000,100000,1,wf,
Checksum(0x0x7ffe83555fe0, 100) = 0xfffd4143
1603971720,1603971721,1.169615
sgx,size,5,100000,100000,1,bf,
Checksum(0x0x7ffe56fe9ae0, 100) = 0xfffd4143
1603971731,1603971731,0.291637
sgx,size,5,200000,100000,1,bf,
Checksum(0x0x7ffc322aeb60, 100) = 0xfffd4143
1603971745,1603971745,0.583379
sgx,size,5,400000,100000,1,bf,
Checksum(0x0x7fff10a648b0, 100) = 0xfffd4143
1603971765,1603971766,1.168719
sgx,block,5,400000,100000,1,bf,
Checksum(0x0x7ffeeab66030, 100) = 0xfffd4143
1603971786,1603971787,1.168559
sgx,block,5,400000,200000,1,bf,
Checksum(0x0x7ffcafa78660, 100) = 0xfffd4143
1603971807,1603971808,1.167124
sgx,block,5,400000,400000,1,bf,
Checksum(0x0x7ffcb0791e80, 100) = 0xfffd4143
1603971828,1603971829,1.167667
sgx,threads,5,400000,100000,1,bf,
Checksum(0x0x7ffde0895420, 100) = 0xfffd4143
1603971850,1603971851,1.169994
sgx,threads,5,400000,100000,2,bf,
Checksum(0x0x7ffd1aeb91f0, 100) = 0xfffd4143
1603971872,1603971873,0.921742
sgx,threads,5,400000,100000,4,bf,
Checksum(0x0x7ffee1159050, 100) = 0xfffd4143
1603971894,1603971895,1.275374
sgx,threads,5,400000,100000,8,bf,
Checksum(0x0x7ffc52c3e1d0, 100) = 0xfffd4143
1603971919,1603971920,1.443066
sgx,scheduler,5,400000,100000,1,bf,
Checksum(0x0x7ffe368ef1a0, 100) = 0xfffd4143
1603971940,1603971941,1.167890
sgx,scheduler,5,400000,100000,1,wf,
Checksum(0x0x7ffc2f880130, 100) = 0xfffd4143
1603971961,1603971962,1.169461
sgx,size,6,100000,100000,1,bf,
Checksum(0x0x7ffd4e611ea0, 100) = 0xfffd4143
1603971972,1603971972,0.293243
sgx,size,6,200000,100000,1,bf,
Checksum(0x0x7fffc512c4b0, 100) = 0xfffd4143
1603971985,1603971986,0.583265
sgx,size,6,400000,100000,1,bf,
Checksum(0x0x7ffe3b60e750, 100) = 0xfffd4143
1603972005,1603972007,1.171976
sgx,block,6,400000,100000,1,bf,
Checksum(0x0x7ffd62e10450, 100) = 0xfffd4143
1603972026,1603972028,1.166978
sgx,block,6,400000,200000,1,bf,
Checksum(0x0x7ffdccc23d30, 100) = 0xfffd4143
1603972047,1603972048,1.168026
sgx,block,6,400000,400000,1,bf,
Checksum(0x0x7ffe05952150, 100) = 0xfffd4143
1603972068,1603972069,1.174599
sgx,threads,6,400000,100000,1,bf,
Checksum(0x0x7ffe621d8480, 100) = 0xfffd4143
1603972089,1603972091,1.170097
sgx,threads,6,400000,100000,2,bf,
Checksum(0x0x7ffd18f7e960, 100) = 0xfffd4143
1603972111,1603972112,1.100847
sgx,threads,6,400000,100000,4,bf,
Checksum(0x0x7ffd69861110, 100) = 0xfffd4143
1603972133,1603972135,1.493309
sgx,threads,6,400000,100000,8,bf,
Checksum(0x0x7fffce17cad0, 100) = 0xfffd4143
1603972158,1603972160,1.303062
sgx,scheduler,6,400000,100000,1,bf,
Checksum(0x0x7ffe0e67f300, 100) = 0xfffd4143
1603972180,1603972181,1.168504
sgx,scheduler,6,400000,100000,1,wf,
Checksum(0x0x7fffc6f751a0, 100) = 0xfffd4143
1603972200,1603972202,1.168426
sgx,size,7,100000,100000,1,bf,
Checksum(0x0x7fff845a5ed0, 100) = 0xfffd4143
1603972212,1603972212,0.291951
sgx,size,7,200000,100000,1,bf,
Checksum(0x0x7fff105c9b00, 100) = 0xfffd4143
1603972225,1603972226,0.583977
sgx,size,7,400000,100000,1,bf,
Checksum(0x0x7ffeb123a4e0, 100) = 0xfffd4143
1603972245,1603972246,1.169538
sgx,block,7,400000,100000,1,bf,
Checksum(0x0x7ffda859de90, 100) = 0xfffd4143
1603972266,1603972267,1.169628
sgx,block,7,400000,200000,1,bf,
Checksum(0x0x7ffd2f99bc10, 100) = 0xfffd4143
1603972287,1603972288,1.168471
sgx,block,7,400000,400000,1,bf,
Checksum(0x0x7ffe16b84200, 100) = 0xfffd4143
1603972308,1603972309,1.166992
sgx,threads,7,400000,100000,1,bf,
Checksum(0x0x7fffb475e320, 100) = 0xfffd4143
1603972329,1603972330,1.167591
sgx,threads,7,400000,100000,2,bf,
Checksum(0x0x7ffc3e1b4160, 100) = 0xfffd4143
1603972350,1603972351,1.092617
sgx,threads,7,400000,100000,4,bf,
Checksum(0x0x7ffc4de6b710, 100) = 0xfffd4143
1603972373,1603972374,1.525600
sgx,threads,7,400000,100000,8,bf,
Checksum(0x0x7ffe79f730c0, 100) = 0xfffd4143
1603972398,1603972399,1.200951
sgx,scheduler,7,400000,100000,1,bf,
Checksum(0x0x7ffcaa0bc100, 100) = 0xfffd4143
1603972419,1603972420,1.169732
sgx,scheduler,7,400000,100000,1,wf,
Checksum(0x0x7fffc01bf060, 100) = 0xfffd4143
1603972440,1603972441,1.167017
sgx,size,8,100000,100000,1,bf,
Checksum(0x0x7ffc8e104a90, 100) = 0xfffd4143
1603972451,1603972451,0.291907
sgx,size,8,200000,100000,1,bf,
Checksum(0x0x7ffd46fc7c50, 100) = 0xfffd4143
1603972464,1603972465,0.583014
sgx,size,8,400000,100000,1,bf,
Checksum(0x0x7fff17258940, 100) = 0xfffd4143
1603972485,1603972486,1.169679
sgx,block,8,400000,100000,1,bf,
Checksum(0x0x7ffc34b36850, 100) = 0xfffd4143
1603972505,1603972507,1.167121
sgx,block,8,400000,200000,1,bf,
Checksum(0x0x7ffe41a9fd00, 100) = 0xfffd4143
1603972526,1603972528,1.166058
sgx,block,8,400000,400000,1,bf,
Checksum(0x0x7ffd4999a120, 100) = 0xfffd4143
1603972547,1603972548,1.167194
sgx,threads,8,400000,100000,1,bf,
Checksum(0x0x7ffdeecab960, 100) = 0xfffd4143
1603972568,1603972569,1.169458
sgx,threads,8,400000,100000,2,bf,
Checksum(0x0x7ffc67eed180, 100) = 0xfffd4143
1603972590,1603972591,0.841059
sgx,threads,8,400000,100000,4,bf,
Checksum(0x0x7ffedf494bc0, 100) = 0xfffd4143
1603972612,1603972613,1.108664
sgx,threads,8,400000,100000,8,bf,
Checksum(0x0x7fffedeb7780, 100) = 0xfffd4143
1603972637,1603972638,1.444654
sgx,scheduler,8,400000,100000,1,bf,
Checksum(0x0x7ffdf90abe20, 100) = 0xfffd4143
1603972658,1603972659,1.168338
sgx,scheduler,8,400000,100000,1,wf,
Checksum(0x0x7ffdf4336b60, 100) = 0xfffd4143
1603972679,1603972680,1.167541
sgx,size,9,100000,100000,1,bf,
Checksum(0x0x7ffcfc4dd830, 100) = 0xfffd4143
1603972690,1603972690,0.292176
sgx,size,9,200000,100000,1,bf,
Checksum(0x0x7ffe87b24310, 100) = 0xfffd4143
1603972703,1603972704,0.584947
sgx,size,9,400000,100000,1,bf,
Checksum(0x0x7ffff59942a0, 100) = 0xfffd4143
1603972723,1603972725,1.167822
sgx,block,9,400000,100000,1,bf,
Checksum(0x0x7ffc872098e0, 100) = 0xfffd4143
1603972744,1603972746,1.167399
sgx,block,9,400000,200000,1,bf,
Checksum(0x0x7fff201b4b40, 100) = 0xfffd4143
1603972765,1603972766,1.167251
sgx,block,9,400000,400000,1,bf,
Checksum(0x0x7fff39cdc270, 100) = 0xfffd4143
1603972786,1603972787,1.169499
sgx,threads,9,400000,100000,1,bf,
Checksum(0x0x7ffe00384a60, 100) = 0xfffd4143
1603972807,1603972808,1.170521
sgx,threads,9,400000,100000,2,bf,
Checksum(0x0x7ffd20509be0, 100) = 0xfffd4143
1603972829,1603972829,0.842755
sgx,threads,9,400000,100000,4,bf,
Checksum(0x0x7fff9f10c8c0, 100) = 0xfffd4143
1603972851,1603972852,1.525824
sgx,threads,9,400000,100000,8,bf,
Checksum(0x0x7ffd454b8720, 100) = 0xfffd4143
1603972876,1603972877,1.463157
sgx,scheduler,9,400000,100000,1,bf,
Checksum(0x0x7ffd0ff85d60, 100) = 0xfffd4143
1603972897,1603972898,1.167985
sgx,scheduler,9,400000,100000,1,wf,
Checksum(0x0x7fffc1c67240, 100) = 0xfffd4143
1603972918,1603972919,1.167905
sgx,size,10,100000,100000,1,bf,
Checksum(0x0x7fff7216b0d0, 100) = 0xfffd4143
1603972929,1603972929,0.292409
sgx,size,10,200000,100000,1,bf,
Checksum(0x0x7ffca5fb27a0, 100) = 0xfffd4143
1603972942,1603972943,0.583730
sgx,size,10,400000,100000,1,bf,
Checksum(0x0x7ffd9efb14d0, 100) = 0xfffd4143
1603972963,1603972964,1.166975
sgx,block,10,400000,100000,1,bf,
Checksum(0x0x7ffe2d709c40, 100) = 0xfffd4143
1603972984,1603972985,1.168675
sgx,block,10,400000,200000,1,bf,
Checksum(0x0x7ffcbc6b2610, 100) = 0xfffd4143
1603973004,1603973006,1.168268
sgx,block,10,400000,400000,1,bf,
Checksum(0x0x7fffbb26a5e0, 100) = 0xfffd4143
1603973025,1603973027,1.168089
sgx,threads,10,400000,100000,1,bf,
Checksum(0x0x7ffc7e1fb930, 100) = 0xfffd4143
1603973046,1603973048,1.167520
sgx,threads,10,400000,100000,2,bf,
Checksum(0x0x7ffe985c64a0, 100) = 0xfffd4143
1603973068,1603973069,1.112665
sgx,threads,10,400000,100000,4,bf,
Checksum(0x0x7fff80d8f1e0, 100) = 0xfffd4143
1603973090,1603973091,1.109500
sgx,threads,10,400000,100000,8,bf,
Checksum(0x0x7ffd55b36db0, 100) = 0xfffd4143
1603973115,1603973116,1.215236
sgx,scheduler,10,400000,100000,1,bf,
Checksum(0x0x7fff827075a0, 100) = 0xfffd4143
1603973136,1603973137,1.168211
sgx,scheduler,10,400000,100000,1,wf,
Checksum(0x0x7fff6cb29060, 100) = 0xfffd4143
1603973157,1603973158,1.168147
