sgx-encrypted,size,1,1024,256,1,bf,
Checksum(0x0x7ffe7c7e9870, 100) = 0xfffd4143
1605632407,1605632407,0.478605
sgx-encrypted,size,1,512,256,1,bf,
Checksum(0x0x7ffd717bde10, 100) = 0xfffd4143
1605632408,1605632408,0.057473
sgx-encrypted,size,1,256,256,1,bf,
Checksum(0x0x7ffc42cd4010, 100) = 0xfffd4143
1605632409,1605632409,0.009043
sgx-encrypted,block,1,1024,1024,1,bf,
Checksum(0x0x7ffd85f018d0, 100) = 0xfffd4143
1605632410,1605632411,0.610340
sgx-encrypted,block,1,1024,512,1,bf,
Checksum(0x0x7ffdf2196710, 100) = 0xfffd4143
1605632412,1605632413,0.398588
sgx-encrypted,block,1,1024,256,1,bf,
Checksum(0x0x7ffd7d6901c0, 100) = 0xfffd4143
1605632414,1605632414,0.480706
sgx-encrypted,threads,1,1024,256,1,bf,
Checksum(0x0x7ffead653fc0, 100) = 0xfffd4143
1605632415,1605632416,0.480776
sgx-encrypted,threads,1,1024,256,2,bf,
Checksum(0x0x7fffa9bffcc0, 100) = 0xfffd4143
1605632417,1605632417,0.295852
sgx-encrypted,threads,1,1024,256,4,bf,
Checksum(0x0x7ffea95a6f40, 100) = 0xfffd4143
1605632418,1605632418,0.269924
sgx-encrypted,threads,1,1024,256,8,bf,
Checksum(0x0x7ffd0176cf50, 100) = 0xfffd4143
1605632420,1605632420,0.324821
sgx-encrypted,scheduler,1,1024,256,1,bf,
Checksum(0x0x7fffc6dcfa30, 100) = 0xfffd4143
1605632421,1605632421,0.479805
sgx-encrypted,scheduler,1,1024,256,1,wf,
Checksum(0x0x7ffef7cefb00, 100) = 0xfffd4143
1605632423,1605632423,0.480510
sgx-encrypted,size,2,1024,256,1,bf,
Checksum(0x0x7ffee30e6ae0, 100) = 0xfffd4143
1605632424,1605632425,0.478371
sgx-encrypted,size,2,512,256,1,bf,
Checksum(0x0x7ffe289a3f80, 100) = 0xfffd4143
1605632426,1605632426,0.056802
sgx-encrypted,size,2,256,256,1,bf,
Checksum(0x0x7ffd302f4ed0, 100) = 0xfffd4143
1605632427,1605632427,0.008400
sgx-encrypted,block,2,1024,1024,1,bf,
Checksum(0x0x7ffcae48ab00, 100) = 0xfffd4143
1605632428,1605632429,0.624189
sgx-encrypted,block,2,1024,512,1,bf,
Checksum(0x0x7ffe45380080, 100) = 0xfffd4143
1605632430,1605632430,0.397960
sgx-encrypted,block,2,1024,256,1,bf,
Checksum(0x0x7ffd39caad40, 100) = 0xfffd4143
1605632431,1605632432,0.478692
sgx-encrypted,threads,2,1024,256,1,bf,
Checksum(0x0x7ffe96319560, 100) = 0xfffd4143
1605632433,1605632433,0.477802
sgx-encrypted,threads,2,1024,256,2,bf,
Checksum(0x0x7ffc37fa6da0, 100) = 0xfffd4143
1605632434,1605632434,0.295019
sgx-encrypted,threads,2,1024,256,4,bf,
Checksum(0x0x7fffd92f2220, 100) = 0xfffd4143
1605632436,1605632436,0.266386
sgx-encrypted,threads,2,1024,256,8,bf,
Checksum(0x0x7ffe6e374060, 100) = 0xfffd4143
1605632437,1605632437,0.311897
sgx-encrypted,scheduler,2,1024,256,1,bf,
Checksum(0x0x7fff5fb09900, 100) = 0xfffd4143
1605632438,1605632439,0.488359
sgx-encrypted,scheduler,2,1024,256,1,wf,
Checksum(0x0x7ffd9ef0b4b0, 100) = 0xfffd4143
1605632440,1605632440,0.481404
sgx-encrypted,size,3,1024,256,1,bf,
Checksum(0x0x7ffdd39fdd90, 100) = 0xfffd4143
1605632442,1605632442,0.479016
sgx-encrypted,size,3,512,256,1,bf,
Checksum(0x0x7fffafd49ea0, 100) = 0xfffd4143
1605632443,1605632443,0.057165
sgx-encrypted,size,3,256,256,1,bf,
Checksum(0x0x7ffc11feff20, 100) = 0xfffd4143
1605632444,1605632444,0.008737
sgx-encrypted,block,3,1024,1024,1,bf,
Checksum(0x0x7ffc80e23240, 100) = 0xfffd4143
1605632445,1605632446,0.598484
sgx-encrypted,block,3,1024,512,1,bf,
Checksum(0x0x7fff6f172980, 100) = 0xfffd4143
1605632447,1605632447,0.398267
sgx-encrypted,block,3,1024,256,1,bf,
Checksum(0x0x7ffdc2d4e3f0, 100) = 0xfffd4143
1605632448,1605632449,0.480228
sgx-encrypted,threads,3,1024,256,1,bf,
Checksum(0x0x7ffd7dc7f8d0, 100) = 0xfffd4143
1605632450,1605632450,0.479471
sgx-encrypted,threads,3,1024,256,2,bf,
Checksum(0x0x7ffdde74e450, 100) = 0xfffd4143
1605632452,1605632452,0.296082
sgx-encrypted,threads,3,1024,256,4,bf,
Checksum(0x0x7fff18789470, 100) = 0xfffd4143
1605632453,1605632453,0.256410
sgx-encrypted,threads,3,1024,256,8,bf,
Checksum(0x0x7ffd4cba4840, 100) = 0xfffd4143
1605632454,1605632455,0.298617
sgx-encrypted,scheduler,3,1024,256,1,bf,
Checksum(0x0x7ffcbfd72a90, 100) = 0xfffd4143
1605632456,1605632456,0.485847
sgx-encrypted,scheduler,3,1024,256,1,wf,
Checksum(0x0x7ffeeebb9370, 100) = 0xfffd4143
1605632457,1605632458,0.477773
sgx-encrypted,size,4,1024,256,1,bf,
Checksum(0x0x7ffe484b5ca0, 100) = 0xfffd4143
1605632459,1605632459,0.478985
sgx-encrypted,size,4,512,256,1,bf,
Checksum(0x0x7ffe32af7ac0, 100) = 0xfffd4143
1605632460,1605632460,0.056825
sgx-encrypted,size,4,256,256,1,bf,
Checksum(0x0x7ffc4023a960, 100) = 0xfffd4143
1605632462,1605632462,0.008628
sgx-encrypted,block,4,1024,1024,1,bf,
Checksum(0x0x7ffd95730370, 100) = 0xfffd4143
1605632463,1605632463,0.621993
sgx-encrypted,block,4,1024,512,1,bf,
Checksum(0x0x7fff139c97f0, 100) = 0xfffd4143
1605632464,1605632465,0.398668
sgx-encrypted,block,4,1024,256,1,bf,
Checksum(0x0x7ffe2f5f24f0, 100) = 0xfffd4143
1605632466,1605632466,0.477463
sgx-encrypted,threads,4,1024,256,1,bf,
Checksum(0x0x7ffe467e93c0, 100) = 0xfffd4143
1605632467,1605632468,0.478273
sgx-encrypted,threads,4,1024,256,2,bf,
Checksum(0x0x7ffcbc016d80, 100) = 0xfffd4143
1605632469,1605632469,0.294289
sgx-encrypted,threads,4,1024,256,4,bf,
Checksum(0x0x7ffd983fb3f0, 100) = 0xfffd4143
1605632470,1605632471,0.257514
sgx-encrypted,threads,4,1024,256,8,bf,
Checksum(0x0x7ffe22b31360, 100) = 0xfffd4143
1605632472,1605632472,0.305196
sgx-encrypted,scheduler,4,1024,256,1,bf,
Checksum(0x0x7ffeddf4a1b0, 100) = 0xfffd4143
1605632473,1605632474,0.485900
sgx-encrypted,scheduler,4,1024,256,1,wf,
Checksum(0x0x7ffe53b19520, 100) = 0xfffd4143
1605632475,1605632475,0.478739
sgx-encrypted,size,5,1024,256,1,bf,
Checksum(0x0x7ffedf5a4d80, 100) = 0xfffd4143
1605632476,1605632477,0.478856
sgx-encrypted,size,5,512,256,1,bf,
Checksum(0x0x7ffc4d1c5eb0, 100) = 0xfffd4143
1605632478,1605632478,0.056430
sgx-encrypted,size,5,256,256,1,bf,
Checksum(0x0x7ffd8f94b6c0, 100) = 0xfffd4143
1605632479,1605632479,0.008735
sgx-encrypted,block,5,1024,1024,1,bf,
Checksum(0x0x7ffe09f3d0b0, 100) = 0xfffd4143
1605632480,1605632481,0.610420
sgx-encrypted,block,5,1024,512,1,bf,
Checksum(0x0x7ffed172bac0, 100) = 0xfffd4143
1605632482,1605632482,0.397447
sgx-encrypted,block,5,1024,256,1,bf,
Checksum(0x0x7ffc38cb50e0, 100) = 0xfffd4143
1605632483,1605632484,0.479143
sgx-encrypted,threads,5,1024,256,1,bf,
Checksum(0x0x7ffc552b05b0, 100) = 0xfffd4143
1605632485,1605632485,0.479137
sgx-encrypted,threads,5,1024,256,2,bf,
Checksum(0x0x7ffec9164aa0, 100) = 0xfffd4143
1605632486,1605632487,0.295953
sgx-encrypted,threads,5,1024,256,4,bf,
Checksum(0x0x7ffc35309050, 100) = 0xfffd4143
1605632488,1605632488,0.256778
sgx-encrypted,threads,5,1024,256,8,bf,
Checksum(0x0x7ffc38e95e80, 100) = 0xfffd4143
1605632489,1605632489,0.313145
sgx-encrypted,scheduler,5,1024,256,1,bf,
Checksum(0x0x7ffd733e5ed0, 100) = 0xfffd4143
1605632490,1605632491,0.485674
sgx-encrypted,scheduler,5,1024,256,1,wf,
Checksum(0x0x7fffad857e00, 100) = 0xfffd4143
1605632492,1605632493,0.479634
sgx-encrypted,size,6,1024,256,1,bf,
Checksum(0x0x7fff11176950, 100) = 0xfffd4143
1605632494,1605632494,0.479742
sgx-encrypted,size,6,512,256,1,bf,
Checksum(0x0x7ffe1e96b650, 100) = 0xfffd4143
1605632495,1605632495,0.057106
sgx-encrypted,size,6,256,256,1,bf,
Checksum(0x0x7ffe2e193140, 100) = 0xfffd4143
1605632496,1605632496,0.008624
sgx-encrypted,block,6,1024,1024,1,bf,
Checksum(0x0x7ffd47826250, 100) = 0xfffd4143
1605632497,1605632498,0.631489
sgx-encrypted,block,6,1024,512,1,bf,
Checksum(0x0x7ffc89bc9420, 100) = 0xfffd4143
1605632499,1605632499,0.397790
sgx-encrypted,block,6,1024,256,1,bf,
Checksum(0x0x7ffc83ba50c0, 100) = 0xfffd4143
1605632501,1605632501,0.477466
sgx-encrypted,threads,6,1024,256,1,bf,
Checksum(0x0x7ffef7dcbf70, 100) = 0xfffd4143
1605632502,1605632503,0.479488
sgx-encrypted,threads,6,1024,256,2,bf,
Checksum(0x0x7fffc8910e70, 100) = 0xfffd4143
1605632504,1605632504,0.295695
sgx-encrypted,threads,6,1024,256,4,bf,
Checksum(0x0x7ffe006cc890, 100) = 0xfffd4143
1605632505,1605632505,0.257727
sgx-encrypted,threads,6,1024,256,8,bf,
Checksum(0x0x7ffd688c51d0, 100) = 0xfffd4143
1605632506,1605632507,0.306446
sgx-encrypted,scheduler,6,1024,256,1,bf,
Checksum(0x0x7ffcfca71db0, 100) = 0xfffd4143
1605632508,1605632508,0.489074
sgx-encrypted,scheduler,6,1024,256,1,wf,
Checksum(0x0x7ffe991fd2a0, 100) = 0xfffd4143
1605632509,1605632510,0.478424
sgx-encrypted,size,7,1024,256,1,bf,
Checksum(0x0x7ffdc8a15b50, 100) = 0xfffd4143
1605632511,1605632511,0.478617
sgx-encrypted,size,7,512,256,1,bf,
Checksum(0x0x7ffe48164940, 100) = 0xfffd4143
1605632513,1605632513,0.056790
sgx-encrypted,size,7,256,256,1,bf,
Checksum(0x0x7fff670fc630, 100) = 0xfffd4143
1605632514,1605632514,0.008780
sgx-encrypted,block,7,1024,1024,1,bf,
Checksum(0x0x7ffda00a3c30, 100) = 0xfffd4143
1605632515,1605632515,0.609017
sgx-encrypted,block,7,1024,512,1,bf,
Checksum(0x0x7ffc6c9243e0, 100) = 0xfffd4143
1605632516,1605632517,0.398661
sgx-encrypted,block,7,1024,256,1,bf,
Checksum(0x0x7ffe4aca27f0, 100) = 0xfffd4143
1605632518,1605632518,0.478331
sgx-encrypted,threads,7,1024,256,1,bf,
Checksum(0x0x7fff8551ee90, 100) = 0xfffd4143
1605632519,1605632520,0.478222
sgx-encrypted,threads,7,1024,256,2,bf,
Checksum(0x0x7ffeac8896a0, 100) = 0xfffd4143
1605632521,1605632521,0.295651
sgx-encrypted,threads,7,1024,256,4,bf,
Checksum(0x0x7ffd54f94fa0, 100) = 0xfffd4143
1605632522,1605632523,0.262491
sgx-encrypted,threads,7,1024,256,8,bf,
Checksum(0x0x7ffedbbd5d50, 100) = 0xfffd4143
1605632524,1605632524,0.297736
sgx-encrypted,scheduler,7,1024,256,1,bf,
Checksum(0x0x7ffc5d0321c0, 100) = 0xfffd4143
1605632525,1605632526,0.484239
sgx-encrypted,scheduler,7,1024,256,1,wf,
Checksum(0x0x7ffda0fea280, 100) = 0xfffd4143
1605632527,1605632527,0.478281
sgx-encrypted,size,8,1024,256,1,bf,
Checksum(0x0x7ffca7532f60, 100) = 0xfffd4143
1605632528,1605632529,0.477989
sgx-encrypted,size,8,512,256,1,bf,
Checksum(0x0x7ffe513784e0, 100) = 0xfffd4143
1605632530,1605632530,0.056721
sgx-encrypted,size,8,256,256,1,bf,
Checksum(0x0x7ffff398f3d0, 100) = 0xfffd4143
1605632531,1605632531,0.008644
sgx-encrypted,block,8,1024,1024,1,bf,
Checksum(0x0x7ffe658f8980, 100) = 0xfffd4143
1605632532,1605632533,0.609231
sgx-encrypted,block,8,1024,512,1,bf,
Checksum(0x0x7ffe1de36790, 100) = 0xfffd4143
1605632534,1605632534,0.397823
sgx-encrypted,block,8,1024,256,1,bf,
Checksum(0x0x7fff8b3b9650, 100) = 0xfffd4143
1605632535,1605632536,0.478866
sgx-encrypted,threads,8,1024,256,1,bf,
Checksum(0x0x7ffcdf667450, 100) = 0xfffd4143
1605632537,1605632537,0.478065
sgx-encrypted,threads,8,1024,256,2,bf,
Checksum(0x0x7ffd10d403c0, 100) = 0xfffd4143
1605632538,1605632539,0.294715
sgx-encrypted,threads,8,1024,256,4,bf,
Checksum(0x0x7ffc0b39c410, 100) = 0xfffd4143
1605632540,1605632540,0.272217
sgx-encrypted,threads,8,1024,256,8,bf,
Checksum(0x0x7ffd627f2eb0, 100) = 0xfffd4143
1605632541,1605632542,0.305755
sgx-encrypted,scheduler,8,1024,256,1,bf,
Checksum(0x0x7ffc75646280, 100) = 0xfffd4143
1605632543,1605632543,0.489885
sgx-encrypted,scheduler,8,1024,256,1,wf,
Checksum(0x0x7ffc87a5c7f0, 100) = 0xfffd4143
1605632544,1605632545,0.476211
sgx-encrypted,size,9,1024,256,1,bf,
Checksum(0x0x7ffffa6b1500, 100) = 0xfffd4143
1605632546,1605632546,0.479164
sgx-encrypted,size,9,512,256,1,bf,
Checksum(0x0x7ffcb23fcc40, 100) = 0xfffd4143
1605632547,1605632547,0.056952
sgx-encrypted,size,9,256,256,1,bf,
Checksum(0x0x7ffd4d465d60, 100) = 0xfffd4143
1605632548,1605632548,0.008626
sgx-encrypted,block,9,1024,1024,1,bf,
Checksum(0x0x7ffffbe2a4b0, 100) = 0xfffd4143
1605632550,1605632550,0.621012
sgx-encrypted,block,9,1024,512,1,bf,
Checksum(0x0x7fffe93f41e0, 100) = 0xfffd4143
1605632551,1605632552,0.397572
sgx-encrypted,block,9,1024,256,1,bf,
Checksum(0x0x7ffcf7ea1f40, 100) = 0xfffd4143
1605632553,1605632553,0.477193
sgx-encrypted,threads,9,1024,256,1,bf,
Checksum(0x0x7ffc22f24450, 100) = 0xfffd4143
1605632554,1605632555,0.477818
sgx-encrypted,threads,9,1024,256,2,bf,
Checksum(0x0x7fffca0e5fa0, 100) = 0xfffd4143
1605632556,1605632556,0.312913
sgx-encrypted,threads,9,1024,256,4,bf,
Checksum(0x0x7ffdc27a6e20, 100) = 0xfffd4143
1605632557,1605632558,0.262667
sgx-encrypted,threads,9,1024,256,8,bf,
Checksum(0x0x7fffdd7a6d30, 100) = 0xfffd4143
1605632559,1605632559,0.307978
sgx-encrypted,scheduler,9,1024,256,1,bf,
Checksum(0x0x7ffd52719270, 100) = 0xfffd4143
1605632560,1605632560,0.488366
sgx-encrypted,scheduler,9,1024,256,1,wf,
Checksum(0x0x7ffcdd57f520, 100) = 0xfffd4143
1605632562,1605632562,0.478616
sgx-encrypted,size,10,1024,256,1,bf,
Checksum(0x0x7ffc425ebfe0, 100) = 0xfffd4143
1605632563,1605632564,0.478703
sgx-encrypted,size,10,512,256,1,bf,
Checksum(0x0x7ffd56f0ba80, 100) = 0xfffd4143
1605632565,1605632565,0.057139
sgx-encrypted,size,10,256,256,1,bf,
Checksum(0x0x7ffff4a3f960, 100) = 0xfffd4143
1605632566,1605632566,0.008699
sgx-encrypted,block,10,1024,1024,1,bf,
Checksum(0x0x7ffe4b4594c0, 100) = 0xfffd4143
1605632567,1605632568,0.640756
sgx-encrypted,block,10,1024,512,1,bf,
Checksum(0x0x7ffe29b1c7d0, 100) = 0xfffd4143
1605632569,1605632569,0.397775
sgx-encrypted,block,10,1024,256,1,bf,
Checksum(0x0x7fff7c43a550, 100) = 0xfffd4143
1605632570,1605632571,0.479323
sgx-encrypted,threads,10,1024,256,1,bf,
Checksum(0x0x7ffd716ff0e0, 100) = 0xfffd4143
1605632572,1605632572,0.479522
sgx-encrypted,threads,10,1024,256,2,bf,
Checksum(0x0x7ffd35bc06e0, 100) = 0xfffd4143
1605632573,1605632574,0.313761
sgx-encrypted,threads,10,1024,256,4,bf,
Checksum(0x0x7ffcdf41d070, 100) = 0xfffd4143
1605632575,1605632575,0.265251
sgx-encrypted,threads,10,1024,256,8,bf,
Checksum(0x0x7fff7fd76b90, 100) = 0xfffd4143
1605632576,1605632576,0.327401
sgx-encrypted,scheduler,10,1024,256,1,bf,
Checksum(0x0x7ffc0f054e30, 100) = 0xfffd4143
1605632577,1605632578,0.490490
sgx-encrypted,scheduler,10,1024,256,1,wf,
Checksum(0x0x7fffdf97d2d0, 100) = 0xfffd4143
1605632579,1605632580,0.477943
