ompss,size,1,2048,256,1,bf,
1605692807,1605692807,0.438788
ompss,size,1,1024,256,1,bf,
1605692808,1605692808,0.094804
ompss,size,1,256,256,1,bf,
1605692809,1605692809,0.029315
ompss,block,1,2048,2048,1,bf,
1605692810,1605692811,0.441999
ompss,block,1,2048,1024,1,bf,
1605692812,1605692812,0.439384
ompss,block,1,2048,256,1,bf,
1605692813,1605692814,0.438964
ompss,threads,1,2048,256,1,bf,
1605692815,1605692815,0.442329
ompss,threads,1,2048,256,2,bf,
1605692816,1605692817,0.417188
ompss,threads,1,2048,256,4,bf,
1605692818,1605692818,0.421805
ompss,threads,1,2048,256,8,bf,
1605692819,1605692820,0.523523
ompss,scheduler,1,2048,256,1,bf,
1605692821,1605692821,0.439139
ompss,scheduler,1,2048,256,1,wf,
1605692822,1605692822,0.437799
ompss,size,2,2048,256,1,bf,
1605692823,1605692824,0.442056
ompss,size,2,1024,256,1,bf,
1605692825,1605692825,0.097522
ompss,size,2,256,256,1,bf,
1605692826,1605692826,0.029474
ompss,block,2,2048,2048,1,bf,
1605692827,1605692827,0.441793
ompss,block,2,2048,1024,1,bf,
1605692829,1605692829,0.437258
ompss,block,2,2048,256,1,bf,
1605692830,1605692830,0.437403
ompss,threads,2,2048,256,1,bf,
1605692831,1605692832,0.437699
ompss,threads,2,2048,256,2,bf,
1605692833,1605692833,0.417510
ompss,threads,2,2048,256,4,bf,
1605692834,1605692835,0.418546
ompss,threads,2,2048,256,8,bf,
1605692836,1605692836,0.524132
ompss,scheduler,2,2048,256,1,bf,
1605692837,1605692838,0.438817
ompss,scheduler,2,2048,256,1,wf,
1605692839,1605692839,0.439830
ompss,size,3,2048,256,1,bf,
1605692840,1605692841,0.438876
ompss,size,3,1024,256,1,bf,
1605692842,1605692842,0.097323
ompss,size,3,256,256,1,bf,
1605692843,1605692843,0.029928
ompss,block,3,2048,2048,1,bf,
1605692844,1605692844,0.441788
ompss,block,3,2048,1024,1,bf,
1605692845,1605692846,0.435506
ompss,block,3,2048,256,1,bf,
1605692847,1605692847,0.437806
ompss,threads,3,2048,256,1,bf,
1605692848,1605692849,0.437072
ompss,threads,3,2048,256,2,bf,
1605692850,1605692850,0.416863
ompss,threads,3,2048,256,4,bf,
1605692851,1605692851,0.419209
ompss,threads,3,2048,256,8,bf,
1605692852,1605692853,0.523546
ompss,scheduler,3,2048,256,1,bf,
1605692854,1605692854,0.440143
ompss,scheduler,3,2048,256,1,wf,
1605692855,1605692856,0.439936
ompss,size,4,2048,256,1,bf,
1605692857,1605692857,0.437248
ompss,size,4,1024,256,1,bf,
1605692858,1605692858,0.095581
ompss,size,4,256,256,1,bf,
1605692859,1605692860,0.033523
ompss,block,4,2048,2048,1,bf,
1605692861,1605692861,0.442025
ompss,block,4,2048,1024,1,bf,
1605692862,1605692862,0.436609
ompss,block,4,2048,256,1,bf,
1605692863,1605692864,0.438349
ompss,threads,4,2048,256,1,bf,
1605692865,1605692865,0.436831
ompss,threads,4,2048,256,2,bf,
1605692866,1605692867,0.416418
ompss,threads,4,2048,256,4,bf,
1605692868,1605692868,0.417144
ompss,threads,4,2048,256,8,bf,
1605692869,1605692870,0.524395
ompss,scheduler,4,2048,256,1,bf,
1605692871,1605692871,0.437825
ompss,scheduler,4,2048,256,1,wf,
1605692872,1605692873,0.437266
ompss,size,5,2048,256,1,bf,
1605692874,1605692874,0.436469
ompss,size,5,1024,256,1,bf,
1605692875,1605692875,0.095100
ompss,size,5,256,256,1,bf,
1605692876,1605692876,0.028280
ompss,block,5,2048,2048,1,bf,
1605692877,1605692878,0.443561
ompss,block,5,2048,1024,1,bf,
1605692879,1605692879,0.436389
ompss,block,5,2048,256,1,bf,
1605692880,1605692881,0.438367
ompss,threads,5,2048,256,1,bf,
1605692882,1605692882,0.437498
ompss,threads,5,2048,256,2,bf,
1605692883,1605692883,0.417067
ompss,threads,5,2048,256,4,bf,
1605692885,1605692885,0.418191
ompss,threads,5,2048,256,8,bf,
1605692886,1605692887,0.523894
ompss,scheduler,5,2048,256,1,bf,
1605692888,1605692888,0.439409
ompss,scheduler,5,2048,256,1,wf,
1605692889,1605692889,0.436508
ompss,size,6,2048,256,1,bf,
1605692890,1605692891,0.437643
ompss,size,6,1024,256,1,bf,
1605692892,1605692892,0.094976
ompss,size,6,256,256,1,bf,
1605692893,1605692893,0.025504
ompss,block,6,2048,2048,1,bf,
1605692894,1605692894,0.442205
ompss,block,6,2048,1024,1,bf,
1605692895,1605692896,0.436484
ompss,block,6,2048,256,1,bf,
1605692897,1605692897,0.437096
ompss,threads,6,2048,256,1,bf,
1605692898,1605692899,0.438937
ompss,threads,6,2048,256,2,bf,
1605692900,1605692900,0.417712
ompss,threads,6,2048,256,4,bf,
1605692901,1605692902,0.418669
ompss,threads,6,2048,256,8,bf,
1605692903,1605692903,0.524826
ompss,scheduler,6,2048,256,1,bf,
1605692904,1605692905,0.438461
ompss,scheduler,6,2048,256,1,wf,
1605692906,1605692906,0.439909
ompss,size,7,2048,256,1,bf,
1605692907,1605692908,0.439004
ompss,size,7,1024,256,1,bf,
1605692909,1605692909,0.098149
ompss,size,7,256,256,1,bf,
1605692910,1605692910,0.029872
ompss,block,7,2048,2048,1,bf,
1605692911,1605692911,0.442150
ompss,block,7,2048,1024,1,bf,
1605692912,1605692913,0.436250
ompss,block,7,2048,256,1,bf,
1605692914,1605692914,0.437302
ompss,threads,7,2048,256,1,bf,
1605692915,1605692916,0.437321
ompss,threads,7,2048,256,2,bf,
1605692917,1605692917,0.416611
ompss,threads,7,2048,256,4,bf,
1605692918,1605692918,0.419284
ompss,threads,7,2048,256,8,bf,
1605692919,1605692920,0.524713
ompss,scheduler,7,2048,256,1,bf,
1605692921,1605692921,0.438551
ompss,scheduler,7,2048,256,1,wf,
1605692922,1605692923,0.436119
ompss,size,8,2048,256,1,bf,
1605692924,1605692924,0.438654
ompss,size,8,1024,256,1,bf,
1605692925,1605692925,0.098306
ompss,size,8,256,256,1,bf,
1605692926,1605692926,0.029836
ompss,block,8,2048,2048,1,bf,
1605692927,1605692928,0.441329
ompss,block,8,2048,1024,1,bf,
1605692929,1605692929,0.436956
ompss,block,8,2048,256,1,bf,
1605692930,1605692931,0.437255
ompss,threads,8,2048,256,1,bf,
1605692932,1605692932,0.437615
ompss,threads,8,2048,256,2,bf,
1605692933,1605692934,0.416670
ompss,threads,8,2048,256,4,bf,
1605692935,1605692935,0.417817
ompss,threads,8,2048,256,8,bf,
1605692936,1605692937,0.525110
ompss,scheduler,8,2048,256,1,bf,
1605692938,1605692938,0.437660
ompss,scheduler,8,2048,256,1,wf,
1605692939,1605692940,0.438266
ompss,size,9,2048,256,1,bf,
1605692941,1605692941,0.436997
ompss,size,9,1024,256,1,bf,
1605692942,1605692942,0.098634
ompss,size,9,256,256,1,bf,
1605692943,1605692943,0.029449
ompss,block,9,2048,2048,1,bf,
1605692944,1605692945,0.441731
ompss,block,9,2048,1024,1,bf,
1605692946,1605692946,0.436373
ompss,block,9,2048,256,1,bf,
1605692947,1605692948,0.438309
ompss,threads,9,2048,256,1,bf,
1605692949,1605692949,0.436905
ompss,threads,9,2048,256,2,bf,
1605692950,1605692950,0.416949
ompss,threads,9,2048,256,4,bf,
1605692951,1605692952,0.417905
ompss,threads,9,2048,256,8,bf,
1605692953,1605692953,0.524775
ompss,scheduler,9,2048,256,1,bf,
1605692954,1605692955,0.437829
ompss,scheduler,9,2048,256,1,wf,
1605692956,1605692956,0.437031
ompss,size,10,2048,256,1,bf,
1605692957,1605692958,0.437995
ompss,size,10,1024,256,1,bf,
1605692959,1605692959,0.098554
ompss,size,10,256,256,1,bf,
1605692960,1605692960,0.032279
ompss,block,10,2048,2048,1,bf,
1605692961,1605692961,0.443281
ompss,block,10,2048,1024,1,bf,
1605692962,1605692963,0.436479
ompss,block,10,2048,256,1,bf,
1605692964,1605692964,0.438448
ompss,threads,10,2048,256,1,bf,
1605692965,1605692966,0.448266
ompss,threads,10,2048,256,2,bf,
1605692967,1605692967,0.417159
ompss,threads,10,2048,256,4,bf,
1605692968,1605692969,0.418027
ompss,threads,10,2048,256,8,bf,
1605692970,1605692970,0.525091
ompss,scheduler,10,2048,256,1,bf,
1605692971,1605692972,0.437949
ompss,scheduler,10,2048,256,1,wf,
1605692973,1605692973,0.436555
